<?xml version="1.0" encoding="UTF-8"?>
<testsuites name="Test All Cases" time="240.031" tests="50" failures="0" errors="0">
   <testsuite name="Test All Cases" tests="50" failures="0" errors="0" time="240.031" timestamp="2019-12-20 13:51:12" hostname="nqbin - DESKTOP-M2KUILK" id="Test Suites/Test All Cases">
      <properties>
         <property name="deviceName" value=""/>
         <property name="devicePlatform" value=""/>
         <property name="logFolder" value="C:\\Users\\nqbin\\git\\MatteMost\\Reports\\20191220_135108\\Test All Cases\\20191220_135108"/>
         <property name="logFiles" value="C:\\Users\\nqbin\\git\\MatteMost\\Reports\\20191220_135108\\Test All Cases\\20191220_135108\\execution0.log"/>
         <property name="attachments" value=""/>
         <property name="hostName" value="nqbin - DESKTOP-M2KUILK"/>
         <property name="os" value="Windows 10 64bit"/>
         <property name="katalonVersion" value="7.1.2.1"/>
         <property name="browser" value="Chrome 79.0.3945.79"/>
         <property name="hostAddress" value="192.168.100.7"/>
         <property name="sessionId" value="0d6c92779427a856e4ed1479348e4a89"/>
         <property name="seleniumVersion" value="3.141.59"/>
         <property name="proxyInformation" value="ProxyInformation{proxyOption=NO_PROXY, proxyServerType=HTTP, password=, proxyServerAddress=, proxyServerPort=0, executionList=}"/>
         <property name="platform" value="Windows 10"/>
      </properties>
      <testcase name="Test Cases/Off-Topic aba123/BinhChill login" time="17.986" classname="Test Cases/Off-Topic aba123/BinhChill login" status="PASSED">
         <system-out><![CDATA[2019-12-20 13:51:12 - [TEST_CASE][PASSED] - Test Cases/Off-Topic aba123/BinhChill login: Test Cases/Off-Topic aba123/BinhChill login

2019-12-20 13:51:13 - [TEST_STEP][PASSED] - openBrowser("https://mattermost-apcs.herokuapp.com/login"): Browser is opened with url: 'https://mattermost-apcs.herokuapp.com/login'

2019-12-20 13:51:14 - [MESSAGE][INFO] - Starting 'Chrome' driver

2019-12-20 13:51:14 - [MESSAGE][INFO] - Action delay is set to 0 seconds

2019-12-20 13:51:26 - [MESSAGE][PASSED] - Browser is opened with url: 'https://mattermost-apcs.herokuapp.com/login'

2019-12-20 13:51:26 - [TEST_STEP][PASSED] - setText(findTestObject("Page_Mattermost/input_All team communication in one place searchable and accessible anywhere_loginId"), "binhquoc999@gmail.com"): Text 'binhquoc999@gmail.com' is set on object 'Object Repository/Page_Mattermost/input_All team communication in one place searchable and accessible anywhere_loginId'

2019-12-20 13:51:29 - [MESSAGE][PASSED] - Text 'binhquoc999@gmail.com' is set on object 'Object Repository/Page_Mattermost/input_All team communication in one place searchable and accessible anywhere_loginId'

2019-12-20 13:51:29 - [TEST_STEP][PASSED] - setText(findTestObject("Page_Mattermost/input_All team communication in one place searchable and accessible anywhere_password"), "123456"): Text '123456' is set on object 'Object Repository/Page_Mattermost/input_All team communication in one place searchable and accessible anywhere_password'

2019-12-20 13:51:30 - [MESSAGE][PASSED] - Text '123456' is set on object 'Object Repository/Page_Mattermost/input_All team communication in one place searchable and accessible anywhere_password'

2019-12-20 13:51:30 - [TEST_STEP][PASSED] - click(findTestObject("Page_Mattermost/span_Sign in")): Object: 'Object Repository/Page_Mattermost/span_Sign in' is clicked on

2019-12-20 13:51:30 - [MESSAGE][PASSED] - Object: 'Object Repository/Page_Mattermost/span_Sign in' is clicked on]]></system-out>
         <system-err><![CDATA[]]></system-err>
      </testcase>
      <testcase name="Test Cases/Account Settings/Display Settings/Display" time="6.909" classname="Test Cases/Account Settings/Display Settings/Display" status="PASSED">
         <system-out><![CDATA[2019-12-20 13:51:30 - [TEST_CASE][PASSED] - Test Cases/Account Settings/Display Settings/Display: Test Cases/Account Settings/Display Settings/Display

2019-12-20 13:51:31 - [TEST_STEP][PASSED] - click(findTestObject("General Setting/span menu")): Object: 'Object Repository/General Setting/span menu' is clicked on

2019-12-20 13:51:34 - [MESSAGE][PASSED] - Object: 'Object Repository/General Setting/span menu' is clicked on

2019-12-20 13:51:34 - [TEST_STEP][PASSED] - click(findTestObject("General Setting/button_Account Settings")): Object: 'Object Repository/General Setting/button_Account Settings' is clicked on

2019-12-20 13:51:36 - [MESSAGE][PASSED] - Object: 'Object Repository/General Setting/button_Account Settings' is clicked on

2019-12-20 13:51:36 - [TEST_STEP][PASSED] - click(findTestObject("Account Settings/button_Display")): Object: 'Object Repository/Account Settings/button_Display' is clicked on

2019-12-20 13:51:37 - [MESSAGE][PASSED] - Object: 'Object Repository/Account Settings/button_Display' is clicked on

2019-12-20 13:51:37 - [TEST_STEP][PASSED] - sendKeys(findTestObject(null), Keys.chord(ESCAPE)): Keys 'ESCAPE + ' sent to object: 'tempBody'

2019-12-20 13:51:37 - [MESSAGE][WARNING] - Test object id is null

2019-12-20 13:51:37 - [MESSAGE][WARNING] - Test object with id 'Object Repository/' does not exist

2019-12-20 13:51:37 - [MESSAGE][PASSED] - Keys 'ESCAPE + ' sent to object: 'tempBody']]></system-out>
         <system-err><![CDATA[]]></system-err>
      </testcase>
      <testcase name="Test Cases/Account Settings/Display Settings/Display Channel" time="4.709" classname="Test Cases/Account Settings/Display Settings/Display Channel" status="PASSED">
         <system-out><![CDATA[2019-12-20 13:51:37 - [TEST_CASE][PASSED] - Test Cases/Account Settings/Display Settings/Display Channel: Test Cases/Account Settings/Display Settings/Display Channel

2019-12-20 13:51:38 - [TEST_STEP][PASSED] - click(findTestObject("General Setting/span menu")): Object: 'Object Repository/General Setting/span menu' is clicked on

2019-12-20 13:51:38 - [MESSAGE][PASSED] - Object: 'Object Repository/General Setting/span menu' is clicked on

2019-12-20 13:51:38 - [TEST_STEP][PASSED] - click(findTestObject("General Setting/button_Account Settings")): Object: 'Object Repository/General Setting/button_Account Settings' is clicked on

2019-12-20 13:51:39 - [MESSAGE][PASSED] - Object: 'Object Repository/General Setting/button_Account Settings' is clicked on

2019-12-20 13:51:39 - [TEST_STEP][PASSED] - click(findTestObject("Account Settings/button_Display")): Object: 'Object Repository/Account Settings/button_Display' is clicked on

2019-12-20 13:51:40 - [MESSAGE][PASSED] - Object: 'Object Repository/Account Settings/button_Display' is clicked on

2019-12-20 13:51:40 - [TEST_STEP][PASSED] - click(findTestObject("Account Settings/span_Edit Channel Display")): Object: 'Object Repository/Account Settings/span_Edit Channel Display' is clicked on

2019-12-20 13:51:41 - [MESSAGE][PASSED] - Object: 'Object Repository/Account Settings/span_Edit Channel Display' is clicked on

2019-12-20 13:51:41 - [TEST_STEP][PASSED] - sendKeys(findTestObject(null), Keys.chord(ENTER)): Keys 'ENTER + ' sent to object: 'tempBody'

2019-12-20 13:51:41 - [MESSAGE][WARNING] - Test object id is null

2019-12-20 13:51:41 - [MESSAGE][WARNING] - Test object with id 'Object Repository/' does not exist

2019-12-20 13:51:42 - [MESSAGE][PASSED] - Keys 'ENTER + ' sent to object: 'tempBody'

2019-12-20 13:51:42 - [TEST_STEP][PASSED] - sendKeys(findTestObject(null), Keys.chord(ESCAPE)): Keys 'ESCAPE + ' sent to object: 'tempBody'

2019-12-20 13:51:42 - [MESSAGE][WARNING] - Test object id is null

2019-12-20 13:51:42 - [MESSAGE][WARNING] - Test object with id 'Object Repository/' does not exist

2019-12-20 13:51:42 - [MESSAGE][PASSED] - Keys 'ESCAPE + ' sent to object: 'tempBody']]></system-out>
         <system-err><![CDATA[]]></system-err>
      </testcase>
      <testcase name="Test Cases/Account Settings/Display Settings/Display Clock" time="4.768" classname="Test Cases/Account Settings/Display Settings/Display Clock" status="PASSED">
         <system-out><![CDATA[2019-12-20 13:51:42 - [TEST_CASE][PASSED] - Test Cases/Account Settings/Display Settings/Display Clock: Test Cases/Account Settings/Display Settings/Display Clock

2019-12-20 13:51:43 - [TEST_STEP][PASSED] - click(findTestObject("General Setting/span menu")): Object: 'Object Repository/General Setting/span menu' is clicked on

2019-12-20 13:51:43 - [MESSAGE][PASSED] - Object: 'Object Repository/General Setting/span menu' is clicked on

2019-12-20 13:51:43 - [TEST_STEP][PASSED] - click(findTestObject("General Setting/button_Account Settings")): Object: 'Object Repository/General Setting/button_Account Settings' is clicked on

2019-12-20 13:51:44 - [MESSAGE][PASSED] - Object: 'Object Repository/General Setting/button_Account Settings' is clicked on

2019-12-20 13:51:44 - [TEST_STEP][PASSED] - click(findTestObject("Account Settings/button_Display")): Object: 'Object Repository/Account Settings/button_Display' is clicked on

2019-12-20 13:51:45 - [MESSAGE][PASSED] - Object: 'Object Repository/Account Settings/button_Display' is clicked on

2019-12-20 13:51:45 - [TEST_STEP][PASSED] - click(findTestObject("Account Settings/span_Edit Clock")): Object: 'Object Repository/Account Settings/span_Edit Clock' is clicked on

2019-12-20 13:51:46 - [MESSAGE][PASSED] - Object: 'Object Repository/Account Settings/span_Edit Clock' is clicked on

2019-12-20 13:51:46 - [TEST_STEP][PASSED] - click(findTestObject("Account Settings/input_Clock Display_clockFormat")): Object: 'Object Repository/Account Settings/input_Clock Display_clockFormat' is clicked on

2019-12-20 13:51:46 - [MESSAGE][PASSED] - Object: 'Object Repository/Account Settings/input_Clock Display_clockFormat' is clicked on

2019-12-20 13:51:46 - [TEST_STEP][PASSED] - sendKeys(findTestObject(null), Keys.chord(ENTER)): Keys 'ENTER + ' sent to object: 'tempBody'

2019-12-20 13:51:46 - [MESSAGE][WARNING] - Test object id is null

2019-12-20 13:51:46 - [MESSAGE][WARNING] - Test object with id 'Object Repository/' does not exist

2019-12-20 13:51:46 - [MESSAGE][PASSED] - Keys 'ENTER + ' sent to object: 'tempBody'

2019-12-20 13:51:46 - [TEST_STEP][PASSED] - sendKeys(findTestObject(null), Keys.chord(ESCAPE)): Keys 'ESCAPE + ' sent to object: 'tempBody'

2019-12-20 13:51:46 - [MESSAGE][WARNING] - Test object id is null

2019-12-20 13:51:46 - [MESSAGE][WARNING] - Test object with id 'Object Repository/' does not exist

2019-12-20 13:51:47 - [MESSAGE][PASSED] - Keys 'ESCAPE + ' sent to object: 'tempBody']]></system-out>
         <system-err><![CDATA[]]></system-err>
      </testcase>
      <testcase name="Test Cases/Account Settings/Display Settings/Display Theme" time="4.346" classname="Test Cases/Account Settings/Display Settings/Display Theme" status="PASSED">
         <system-out><![CDATA[2019-12-20 13:51:47 - [TEST_CASE][PASSED] - Test Cases/Account Settings/Display Settings/Display Theme: Test Cases/Account Settings/Display Settings/Display Theme

2019-12-20 13:51:47 - [TEST_STEP][PASSED] - click(findTestObject("General Setting/span menu")): Object: 'Object Repository/General Setting/span menu' is clicked on

2019-12-20 13:51:48 - [MESSAGE][PASSED] - Object: 'Object Repository/General Setting/span menu' is clicked on

2019-12-20 13:51:48 - [TEST_STEP][PASSED] - click(findTestObject("General Setting/button_Account Settings")): Object: 'Object Repository/General Setting/button_Account Settings' is clicked on

2019-12-20 13:51:49 - [MESSAGE][PASSED] - Object: 'Object Repository/General Setting/button_Account Settings' is clicked on

2019-12-20 13:51:49 - [TEST_STEP][PASSED] - click(findTestObject("Account Settings/button_Display")): Object: 'Object Repository/Account Settings/button_Display' is clicked on

2019-12-20 13:51:50 - [MESSAGE][PASSED] - Object: 'Object Repository/Account Settings/button_Display' is clicked on

2019-12-20 13:51:50 - [TEST_STEP][PASSED] - click(findTestObject("Account Settings/span_Edit Theme")): Object: 'Object Repository/Account Settings/span_Edit Theme' is clicked on

2019-12-20 13:51:50 - [MESSAGE][PASSED] - Object: 'Object Repository/Account Settings/span_Edit Theme' is clicked on

2019-12-20 13:51:50 - [TEST_STEP][PASSED] - sendKeys(findTestObject(null), Keys.chord(ENTER)): Keys 'ENTER + ' sent to object: 'tempBody'

2019-12-20 13:51:50 - [MESSAGE][WARNING] - Test object id is null

2019-12-20 13:51:50 - [MESSAGE][WARNING] - Test object with id 'Object Repository/' does not exist

2019-12-20 13:51:51 - [MESSAGE][PASSED] - Keys 'ENTER + ' sent to object: 'tempBody'

2019-12-20 13:51:51 - [TEST_STEP][PASSED] - sendKeys(findTestObject(null), Keys.chord(ESCAPE)): Keys 'ESCAPE + ' sent to object: 'tempBody'

2019-12-20 13:51:51 - [MESSAGE][WARNING] - Test object id is null

2019-12-20 13:51:51 - [MESSAGE][WARNING] - Test object with id 'Object Repository/' does not exist

2019-12-20 13:51:51 - [MESSAGE][PASSED] - Keys 'ESCAPE + ' sent to object: 'tempBody']]></system-out>
         <system-err><![CDATA[]]></system-err>
      </testcase>
      <testcase name="Test Cases/Account Settings/Display Settings/Display Default" time="4.907" classname="Test Cases/Account Settings/Display Settings/Display Default" status="PASSED">
         <system-out><![CDATA[2019-12-20 13:51:51 - [TEST_CASE][PASSED] - Test Cases/Account Settings/Display Settings/Display Default: Test Cases/Account Settings/Display Settings/Display Default

2019-12-20 13:51:52 - [TEST_STEP][PASSED] - click(findTestObject("General Setting/span menu")): Object: 'Object Repository/General Setting/span menu' is clicked on

2019-12-20 13:51:52 - [MESSAGE][PASSED] - Object: 'Object Repository/General Setting/span menu' is clicked on

2019-12-20 13:51:52 - [TEST_STEP][PASSED] - click(findTestObject("General Setting/button_Account Settings")): Object: 'Object Repository/General Setting/button_Account Settings' is clicked on

2019-12-20 13:51:53 - [MESSAGE][PASSED] - Object: 'Object Repository/General Setting/button_Account Settings' is clicked on

2019-12-20 13:51:53 - [TEST_STEP][PASSED] - click(findTestObject("Account Settings/button_Display")): Object: 'Object Repository/Account Settings/button_Display' is clicked on

2019-12-20 13:51:54 - [MESSAGE][PASSED] - Object: 'Object Repository/Account Settings/button_Display' is clicked on

2019-12-20 13:51:54 - [TEST_STEP][PASSED] - click(findTestObject("Account Settings/span_Edit Default appearance")): Object: 'Object Repository/Account Settings/span_Edit Default appearance' is clicked on

2019-12-20 13:51:55 - [MESSAGE][PASSED] - Object: 'Object Repository/Account Settings/span_Edit Default appearance' is clicked on

2019-12-20 13:51:55 - [TEST_STEP][PASSED] - click(findTestObject("Account Settings/input_Expanded_collapseFormat")): Object: 'Object Repository/Account Settings/input_Expanded_collapseFormat' is clicked on

2019-12-20 13:51:55 - [MESSAGE][PASSED] - Object: 'Object Repository/Account Settings/input_Expanded_collapseFormat' is clicked on

2019-12-20 13:51:55 - [TEST_STEP][PASSED] - sendKeys(findTestObject(null), Keys.chord(ENTER)): Keys 'ENTER + ' sent to object: 'tempBody'

2019-12-20 13:51:55 - [MESSAGE][WARNING] - Test object id is null

2019-12-20 13:51:55 - [MESSAGE][WARNING] - Test object with id 'Object Repository/' does not exist

2019-12-20 13:51:56 - [MESSAGE][PASSED] - Keys 'ENTER + ' sent to object: 'tempBody'

2019-12-20 13:51:56 - [TEST_STEP][PASSED] - sendKeys(findTestObject(null), Keys.chord(ESCAPE)): Keys 'ESCAPE + ' sent to object: 'tempBody'

2019-12-20 13:51:56 - [MESSAGE][WARNING] - Test object id is null

2019-12-20 13:51:56 - [MESSAGE][WARNING] - Test object with id 'Object Repository/' does not exist

2019-12-20 13:51:56 - [MESSAGE][PASSED] - Keys 'ESCAPE + ' sent to object: 'tempBody']]></system-out>
         <system-err><![CDATA[]]></system-err>
      </testcase>
      <testcase name="Test Cases/Town Square binhchill/BinhChill Write-Off" time="2.388" classname="Test Cases/Town Square binhchill/BinhChill Write-Off" status="PASSED">
         <system-out><![CDATA[2019-12-20 13:51:56 - [TEST_CASE][PASSED] - Test Cases/Town Square binhchill/BinhChill Write-Off: Test Cases/Town Square binhchill/BinhChill Write-Off

2019-12-20 13:51:57 - [TEST_STEP][PASSED] - setText(findTestObject("Page_Town Square/textarea_Write to Town Square_post_textbox"), "Binh Very Deep Try :unamused: "): Text 'Binh Very Deep Try :unamused: ' is set on object 'Object Repository/Page_Town Square/textarea_Write to Town Square_post_textbox'

2019-12-20 13:51:58 - [MESSAGE][PASSED] - Text 'Binh Very Deep Try :unamused: ' is set on object 'Object Repository/Page_Town Square/textarea_Write to Town Square_post_textbox'

2019-12-20 13:51:58 - [TEST_STEP][PASSED] - sendKeys(findTestObject("Page_Town Square/textarea_Write to Town Square_post_textbox"), Keys.chord(ENTER)): Keys 'ENTER + ' sent to object: 'Object Repository/Page_Town Square/textarea_Write to Town Square_post_textbox'

2019-12-20 13:51:58 - [MESSAGE][PASSED] - Keys 'ENTER + ' sent to object: 'Object Repository/Page_Town Square/textarea_Write to Town Square_post_textbox']]></system-out>
         <system-err><![CDATA[]]></system-err>
      </testcase>
      <testcase name="Test Cases/Account Settings/Display Settings/Display Message" time="5.338" classname="Test Cases/Account Settings/Display Settings/Display Message" status="PASSED">
         <system-out><![CDATA[2019-12-20 13:51:58 - [TEST_CASE][PASSED] - Test Cases/Account Settings/Display Settings/Display Message: Test Cases/Account Settings/Display Settings/Display Message

2019-12-20 13:51:59 - [TEST_STEP][PASSED] - click(findTestObject("General Setting/span menu")): Object: 'Object Repository/General Setting/span menu' is clicked on

2019-12-20 13:52:00 - [MESSAGE][PASSED] - Object: 'Object Repository/General Setting/span menu' is clicked on

2019-12-20 13:52:00 - [TEST_STEP][PASSED] - click(findTestObject("General Setting/button_Account Settings")): Object: 'Object Repository/General Setting/button_Account Settings' is clicked on

2019-12-20 13:52:01 - [MESSAGE][PASSED] - Object: 'Object Repository/General Setting/button_Account Settings' is clicked on

2019-12-20 13:52:01 - [TEST_STEP][PASSED] - click(findTestObject("Account Settings/button_Display")): Object: 'Object Repository/Account Settings/button_Display' is clicked on

2019-12-20 13:52:02 - [MESSAGE][PASSED] - Object: 'Object Repository/Account Settings/button_Display' is clicked on

2019-12-20 13:52:02 - [TEST_STEP][PASSED] - click(findTestObject("Account Settings/span_Edit Message Display")): Object: 'Object Repository/Account Settings/span_Edit Message Display' is clicked on

2019-12-20 13:52:02 - [MESSAGE][PASSED] - Object: 'Object Repository/Account Settings/span_Edit Message Display' is clicked on

2019-12-20 13:52:02 - [TEST_STEP][PASSED] - click(findTestObject("Account Settings/label_Compact Fit as many messages on the screen as we can")): Object: 'Object Repository/Account Settings/label_Compact Fit as many messages on the screen as we can' is clicked on

2019-12-20 13:52:03 - [MESSAGE][PASSED] - Object: 'Object Repository/Account Settings/label_Compact Fit as many messages on the screen as we can' is clicked on

2019-12-20 13:52:03 - [TEST_STEP][PASSED] - sendKeys(findTestObject(null), Keys.chord(ENTER)): Keys 'ENTER + ' sent to object: 'tempBody'

2019-12-20 13:52:03 - [MESSAGE][WARNING] - Test object id is null

2019-12-20 13:52:03 - [MESSAGE][WARNING] - Test object with id 'Object Repository/' does not exist

2019-12-20 13:52:03 - [MESSAGE][PASSED] - Keys 'ENTER + ' sent to object: 'tempBody'

2019-12-20 13:52:03 - [TEST_STEP][PASSED] - sendKeys(findTestObject(null), Keys.chord(ESCAPE)): Keys 'ESCAPE + ' sent to object: 'tempBody'

2019-12-20 13:52:03 - [MESSAGE][WARNING] - Test object id is null

2019-12-20 13:52:04 - [MESSAGE][WARNING] - Test object with id 'Object Repository/' does not exist

2019-12-20 13:52:04 - [MESSAGE][PASSED] - Keys 'ESCAPE + ' sent to object: 'tempBody']]></system-out>
         <system-err><![CDATA[]]></system-err>
      </testcase>
      <testcase name="Test Cases/Account Settings/Display Settings/Display Teammate" time="4.706" classname="Test Cases/Account Settings/Display Settings/Display Teammate" status="PASSED">
         <system-out><![CDATA[2019-12-20 13:52:04 - [TEST_CASE][PASSED] - Test Cases/Account Settings/Display Settings/Display Teammate: Test Cases/Account Settings/Display Settings/Display Teammate

2019-12-20 13:52:04 - [TEST_STEP][PASSED] - click(findTestObject("General Setting/span menu")): Object: 'Object Repository/General Setting/span menu' is clicked on

2019-12-20 13:52:05 - [MESSAGE][PASSED] - Object: 'Object Repository/General Setting/span menu' is clicked on

2019-12-20 13:52:05 - [TEST_STEP][PASSED] - click(findTestObject("General Setting/button_Account Settings")): Object: 'Object Repository/General Setting/button_Account Settings' is clicked on

2019-12-20 13:52:06 - [MESSAGE][PASSED] - Object: 'Object Repository/General Setting/button_Account Settings' is clicked on

2019-12-20 13:52:06 - [TEST_STEP][PASSED] - click(findTestObject("Account Settings/button_Display")): Object: 'Object Repository/Account Settings/button_Display' is clicked on

2019-12-20 13:52:07 - [MESSAGE][PASSED] - Object: 'Object Repository/Account Settings/button_Display' is clicked on

2019-12-20 13:52:07 - [TEST_STEP][PASSED] - click(findTestObject("Account Settings/span_Edit Teammate")): Object: 'Object Repository/Account Settings/span_Edit Teammate' is clicked on

2019-12-20 13:52:07 - [MESSAGE][PASSED] - Object: 'Object Repository/Account Settings/span_Edit Teammate' is clicked on

2019-12-20 13:52:07 - [TEST_STEP][PASSED] - click(findTestObject("Account Settings/input_Teammate Name Display_name_formatFormat")): Object: 'Object Repository/Account Settings/input_Teammate Name Display_name_formatFormat' is clicked on

2019-12-20 13:52:08 - [MESSAGE][PASSED] - Object: 'Object Repository/Account Settings/input_Teammate Name Display_name_formatFormat' is clicked on

2019-12-20 13:52:08 - [TEST_STEP][PASSED] - sendKeys(findTestObject(null), Keys.chord(ENTER)): Keys 'ENTER + ' sent to object: 'tempBody'

2019-12-20 13:52:08 - [MESSAGE][WARNING] - Test object id is null

2019-12-20 13:52:08 - [MESSAGE][WARNING] - Test object with id 'Object Repository/' does not exist

2019-12-20 13:52:08 - [MESSAGE][PASSED] - Keys 'ENTER + ' sent to object: 'tempBody'

2019-12-20 13:52:08 - [TEST_STEP][PASSED] - sendKeys(findTestObject(null), Keys.chord(ESCAPE)): Keys 'ESCAPE + ' sent to object: 'tempBody'

2019-12-20 13:52:08 - [MESSAGE][WARNING] - Test object id is null

2019-12-20 13:52:08 - [MESSAGE][WARNING] - Test object with id 'Object Repository/' does not exist

2019-12-20 13:52:09 - [MESSAGE][PASSED] - Keys 'ESCAPE + ' sent to object: 'tempBody']]></system-out>
         <system-err><![CDATA[]]></system-err>
      </testcase>
      <testcase name="Test Cases/Account Settings/General Setting/Email" time="3.412" classname="Test Cases/Account Settings/General Setting/Email" status="PASSED">
         <system-out><![CDATA[2019-12-20 13:52:09 - [TEST_CASE][PASSED] - Test Cases/Account Settings/General Setting/Email: Test Cases/Account Settings/General Setting/Email

2019-12-20 13:52:09 - [TEST_STEP][PASSED] - click(findTestObject("General Setting/span menu")): Object: 'Object Repository/General Setting/span menu' is clicked on

2019-12-20 13:52:09 - [MESSAGE][PASSED] - Object: 'Object Repository/General Setting/span menu' is clicked on

2019-12-20 13:52:09 - [TEST_STEP][PASSED] - click(findTestObject("General Setting/button_Account Settings")): Object: 'Object Repository/General Setting/button_Account Settings' is clicked on

2019-12-20 13:52:11 - [MESSAGE][PASSED] - Object: 'Object Repository/General Setting/button_Account Settings' is clicked on

2019-12-20 13:52:11 - [TEST_STEP][PASSED] - click(findTestObject("General Setting/span_Edit Email")): Object: 'Object Repository/General Setting/span_Edit Email' is clicked on

2019-12-20 13:52:11 - [MESSAGE][PASSED] - Object: 'Object Repository/General Setting/span_Edit Email' is clicked on

2019-12-20 13:52:11 - [TEST_STEP][PASSED] - sendKeys(findTestObject(null), Keys.chord(ESCAPE)): Keys 'ESCAPE + ' sent to object: 'tempBody'

2019-12-20 13:52:11 - [MESSAGE][WARNING] - Test object id is null

2019-12-20 13:52:11 - [MESSAGE][WARNING] - Test object with id 'Object Repository/' does not exist

2019-12-20 13:52:12 - [MESSAGE][PASSED] - Keys 'ESCAPE + ' sent to object: 'tempBody']]></system-out>
         <system-err><![CDATA[]]></system-err>
      </testcase>
      <testcase name="Test Cases/Account Settings/Display Settings/Display Language" time="4.718" classname="Test Cases/Account Settings/Display Settings/Display Language" status="PASSED">
         <system-out><![CDATA[2019-12-20 13:52:12 - [TEST_CASE][PASSED] - Test Cases/Account Settings/Display Settings/Display Language: Test Cases/Account Settings/Display Settings/Display Language

2019-12-20 13:52:12 - [TEST_STEP][PASSED] - click(findTestObject("General Setting/span menu")): Object: 'Object Repository/General Setting/span menu' is clicked on

2019-12-20 13:52:13 - [MESSAGE][PASSED] - Object: 'Object Repository/General Setting/span menu' is clicked on

2019-12-20 13:52:13 - [TEST_STEP][PASSED] - click(findTestObject("General Setting/button_Account Settings")): Object: 'Object Repository/General Setting/button_Account Settings' is clicked on

2019-12-20 13:52:14 - [MESSAGE][PASSED] - Object: 'Object Repository/General Setting/button_Account Settings' is clicked on

2019-12-20 13:52:14 - [TEST_STEP][PASSED] - click(findTestObject("Account Settings/button_Display")): Object: 'Object Repository/Account Settings/button_Display' is clicked on

2019-12-20 13:52:15 - [MESSAGE][PASSED] - Object: 'Object Repository/Account Settings/button_Display' is clicked on

2019-12-20 13:52:15 - [TEST_STEP][PASSED] - click(findTestObject("Account Settings/span_Edit Language")): Object: 'Object Repository/Account Settings/span_Edit Language' is clicked on

2019-12-20 13:52:16 - [MESSAGE][PASSED] - Object: 'Object Repository/Account Settings/span_Edit Language' is clicked on

2019-12-20 13:52:16 - [TEST_STEP][PASSED] - sendKeys(findTestObject(null), Keys.chord(ENTER)): Keys 'ENTER + ' sent to object: 'tempBody'

2019-12-20 13:52:16 - [MESSAGE][WARNING] - Test object id is null

2019-12-20 13:52:16 - [MESSAGE][WARNING] - Test object with id 'Object Repository/' does not exist

2019-12-20 13:52:16 - [MESSAGE][PASSED] - Keys 'ENTER + ' sent to object: 'tempBody'

2019-12-20 13:52:16 - [TEST_STEP][PASSED] - sendKeys(findTestObject(null), Keys.chord(ESCAPE)): Keys 'ESCAPE + ' sent to object: 'tempBody'

2019-12-20 13:52:16 - [MESSAGE][WARNING] - Test object id is null

2019-12-20 13:52:16 - [MESSAGE][WARNING] - Test object with id 'Object Repository/' does not exist

2019-12-20 13:52:17 - [MESSAGE][PASSED] - Keys 'ESCAPE + ' sent to object: 'tempBody']]></system-out>
         <system-err><![CDATA[]]></system-err>
      </testcase>
      <testcase name="Test Cases/Account Settings/General Setting/Full Name" time="5.386" classname="Test Cases/Account Settings/General Setting/Full Name" status="PASSED">
         <system-out><![CDATA[2019-12-20 13:52:17 - [TEST_CASE][PASSED] - Test Cases/Account Settings/General Setting/Full Name: Test Cases/Account Settings/General Setting/Full Name

2019-12-20 13:52:17 - [TEST_STEP][PASSED] - click(findTestObject("General Setting/span menu")): Object: 'Object Repository/General Setting/span menu' is clicked on

2019-12-20 13:52:18 - [MESSAGE][PASSED] - Object: 'Object Repository/General Setting/span menu' is clicked on

2019-12-20 13:52:18 - [TEST_STEP][PASSED] - click(findTestObject("General Setting/button_Account Settings")): Object: 'Object Repository/General Setting/button_Account Settings' is clicked on

2019-12-20 13:52:19 - [MESSAGE][PASSED] - Object: 'Object Repository/General Setting/button_Account Settings' is clicked on

2019-12-20 13:52:19 - [TEST_STEP][PASSED] - click(findTestObject("General Setting/span_Edit FullName")): Object: 'Object Repository/General Setting/span_Edit FullName' is clicked on

2019-12-20 13:52:20 - [MESSAGE][PASSED] - Object: 'Object Repository/General Setting/span_Edit FullName' is clicked on

2019-12-20 13:52:20 - [TEST_STEP][PASSED] - setText(findTestObject("General Setting/input_First Name_firstName"), "Nguyen"): Text 'Nguyen' is set on object 'Object Repository/General Setting/input_First Name_firstName'

2019-12-20 13:52:20 - [MESSAGE][PASSED] - Text 'Nguyen' is set on object 'Object Repository/General Setting/input_First Name_firstName'

2019-12-20 13:52:20 - [TEST_STEP][PASSED] - setText(findTestObject("General Setting/input_Last Name_lastName"), "Binh"): Text 'Binh' is set on object 'Object Repository/General Setting/input_Last Name_lastName'

2019-12-20 13:52:21 - [MESSAGE][PASSED] - Text 'Binh' is set on object 'Object Repository/General Setting/input_Last Name_lastName'

2019-12-20 13:52:21 - [TEST_STEP][PASSED] - click(findTestObject("General Setting/span_Save FullName")): Object: 'Object Repository/General Setting/span_Save FullName' is clicked on

2019-12-20 13:52:22 - [MESSAGE][PASSED] - Object: 'Object Repository/General Setting/span_Save FullName' is clicked on

2019-12-20 13:52:22 - [TEST_STEP][PASSED] - sendKeys(findTestObject(null), Keys.chord(ESCAPE)): Keys 'ESCAPE + ' sent to object: 'tempBody'

2019-12-20 13:52:22 - [MESSAGE][WARNING] - Test object id is null

2019-12-20 13:52:22 - [MESSAGE][WARNING] - Test object with id 'Object Repository/' does not exist

2019-12-20 13:52:22 - [MESSAGE][PASSED] - Keys 'ESCAPE + ' sent to object: 'tempBody']]></system-out>
         <system-err><![CDATA[]]></system-err>
      </testcase>
      <testcase name="Test Cases/Town Square binhchill/BinhChill Search username" time="6.325" classname="Test Cases/Town Square binhchill/BinhChill Search username" status="PASSED">
         <system-out><![CDATA[2019-12-20 13:52:22 - [TEST_CASE][PASSED] - Test Cases/Town Square binhchill/BinhChill Search username: Test Cases/Town Square binhchill/BinhChill Search username

2019-12-20 13:52:23 - [TEST_STEP][PASSED] - click(findTestObject("Town Square Notification/span_Town Square_channelHeaderDropdownIcon")): Object: 'Object Repository/Town Square Notification/span_Town Square_channelHeaderDropdownIcon' is clicked on

2019-12-20 13:52:23 - [MESSAGE][PASSED] - Object: 'Object Repository/Town Square Notification/span_Town Square_channelHeaderDropdownIcon' is clicked on

2019-12-20 13:52:23 - [TEST_STEP][PASSED] - click(findTestObject("Town Square Notification/button_View Members")): Object: 'Object Repository/Town Square Notification/button_View Members' is clicked on

2019-12-20 13:52:24 - [MESSAGE][PASSED] - Object: 'Object Repository/Town Square Notification/button_View Members' is clicked on

2019-12-20 13:52:24 - [TEST_STEP][PASSED] - setText(findTestObject("Town Square Notification/input_Members_searchUsersInput"), "binhchill"): Text 'binhchill' is set on object 'Object Repository/Town Square Notification/input_Members_searchUsersInput'

2019-12-20 13:52:25 - [MESSAGE][PASSED] - Text 'binhchill' is set on object 'Object Repository/Town Square Notification/input_Members_searchUsersInput'

2019-12-20 13:52:25 - [TEST_STEP][PASSED] - delay(3): Delayed 3 second(s)

2019-12-20 13:52:28 - [MESSAGE][PASSED] - Delayed 3 second(s)

2019-12-20 13:52:28 - [TEST_STEP][PASSED] - sendKeys(findTestObject(null), Keys.chord(ESCAPE)): Keys 'ESCAPE + ' sent to object: 'tempBody'

2019-12-20 13:52:28 - [MESSAGE][WARNING] - Test object id is null

2019-12-20 13:52:28 - [MESSAGE][WARNING] - Test object with id 'Object Repository/' does not exist

2019-12-20 13:52:28 - [MESSAGE][PASSED] - Keys 'ESCAPE + ' sent to object: 'tempBody']]></system-out>
         <system-err><![CDATA[]]></system-err>
      </testcase>
      <testcase name="Test Cases/Town Square binhchill/BinhChill Write-Off" time="2.393" classname="Test Cases/Town Square binhchill/BinhChill Write-Off" status="PASSED">
         <system-out><![CDATA[2019-12-20 13:52:28 - [TEST_CASE][PASSED] - Test Cases/Town Square binhchill/BinhChill Write-Off: Test Cases/Town Square binhchill/BinhChill Write-Off

2019-12-20 13:52:28 - [TEST_STEP][PASSED] - setText(findTestObject("Page_Town Square/textarea_Write to Town Square_post_textbox"), "Binh Very Deep Try :unamused: "): Text 'Binh Very Deep Try :unamused: ' is set on object 'Object Repository/Page_Town Square/textarea_Write to Town Square_post_textbox'

2019-12-20 13:52:30 - [MESSAGE][PASSED] - Text 'Binh Very Deep Try :unamused: ' is set on object 'Object Repository/Page_Town Square/textarea_Write to Town Square_post_textbox'

2019-12-20 13:52:30 - [TEST_STEP][PASSED] - sendKeys(findTestObject("Page_Town Square/textarea_Write to Town Square_post_textbox"), Keys.chord(ENTER)): Keys 'ENTER + ' sent to object: 'Object Repository/Page_Town Square/textarea_Write to Town Square_post_textbox'

2019-12-20 13:52:31 - [MESSAGE][PASSED] - Keys 'ENTER + ' sent to object: 'Object Repository/Page_Town Square/textarea_Write to Town Square_post_textbox']]></system-out>
         <system-err><![CDATA[]]></system-err>
      </testcase>
      <testcase name="Test Cases/Off-Topic aba123/Aba123 login" time="17.637" classname="Test Cases/Off-Topic aba123/Aba123 login" status="PASSED">
         <system-out><![CDATA[2019-12-20 13:52:31 - [TEST_CASE][PASSED] - Test Cases/Off-Topic aba123/Aba123 login: Test Cases/Off-Topic aba123/Aba123 login

2019-12-20 13:52:31 - [TEST_STEP][PASSED] - openBrowser("https://mattermost-apcs.herokuapp.com/login"): Browser is opened with url: 'https://mattermost-apcs.herokuapp.com/login'

2019-12-20 13:52:31 - [MESSAGE][WARNING] - A browser is already opened. Closing browser and opening a new one

2019-12-20 13:52:32 - [MESSAGE][INFO] - Starting 'Chrome' driver

2019-12-20 13:52:42 - [MESSAGE][PASSED] - Browser is opened with url: 'https://mattermost-apcs.herokuapp.com/login'

2019-12-20 13:52:42 - [TEST_STEP][PASSED] - setText(findTestObject("Page_Mattermost/input_All team communication in one place searchable and accessible anywhere_loginId"), "aba123"): Text 'aba123' is set on object 'Object Repository/Page_Mattermost/input_All team communication in one place searchable and accessible anywhere_loginId'

2019-12-20 13:52:47 - [MESSAGE][PASSED] - Text 'aba123' is set on object 'Object Repository/Page_Mattermost/input_All team communication in one place searchable and accessible anywhere_loginId'

2019-12-20 13:52:47 - [TEST_STEP][PASSED] - setText(findTestObject("Page_Mattermost/input_All team communication in one place searchable and accessible anywhere_password"), "123456"): Text '123456' is set on object 'Object Repository/Page_Mattermost/input_All team communication in one place searchable and accessible anywhere_password'

2019-12-20 13:52:48 - [MESSAGE][PASSED] - Text '123456' is set on object 'Object Repository/Page_Mattermost/input_All team communication in one place searchable and accessible anywhere_password'

2019-12-20 13:52:48 - [TEST_STEP][PASSED] - click(findTestObject("Page_Mattermost/span_Sign in")): Object: 'Object Repository/Page_Mattermost/span_Sign in' is clicked on

2019-12-20 13:52:48 - [MESSAGE][PASSED] - Object: 'Object Repository/Page_Mattermost/span_Sign in' is clicked on]]></system-out>
         <system-err><![CDATA[]]></system-err>
      </testcase>
      <testcase name="Test Cases/Account Settings/General Setting/Email" time="8.262" classname="Test Cases/Account Settings/General Setting/Email" status="PASSED">
         <system-out><![CDATA[2019-12-20 13:52:48 - [TEST_CASE][PASSED] - Test Cases/Account Settings/General Setting/Email: Test Cases/Account Settings/General Setting/Email

2019-12-20 13:52:48 - [TEST_STEP][PASSED] - click(findTestObject("General Setting/span menu")): Object: 'Object Repository/General Setting/span menu' is clicked on

2019-12-20 13:52:54 - [MESSAGE][PASSED] - Object: 'Object Repository/General Setting/span menu' is clicked on

2019-12-20 13:52:54 - [TEST_STEP][PASSED] - click(findTestObject("General Setting/button_Account Settings")): Object: 'Object Repository/General Setting/button_Account Settings' is clicked on

2019-12-20 13:52:55 - [MESSAGE][PASSED] - Object: 'Object Repository/General Setting/button_Account Settings' is clicked on

2019-12-20 13:52:55 - [TEST_STEP][PASSED] - click(findTestObject("General Setting/span_Edit Email")): Object: 'Object Repository/General Setting/span_Edit Email' is clicked on

2019-12-20 13:52:56 - [MESSAGE][PASSED] - Object: 'Object Repository/General Setting/span_Edit Email' is clicked on

2019-12-20 13:52:56 - [TEST_STEP][PASSED] - sendKeys(findTestObject(null), Keys.chord(ESCAPE)): Keys 'ESCAPE + ' sent to object: 'tempBody'

2019-12-20 13:52:56 - [MESSAGE][WARNING] - Test object id is null

2019-12-20 13:52:56 - [MESSAGE][WARNING] - Test object with id 'Object Repository/' does not exist

2019-12-20 13:52:57 - [MESSAGE][PASSED] - Keys 'ESCAPE + ' sent to object: 'tempBody']]></system-out>
         <system-err><![CDATA[]]></system-err>
      </testcase>
      <testcase name="Test Cases/Town Square binhchill/BinhChill Write-Off" time="3.291" classname="Test Cases/Town Square binhchill/BinhChill Write-Off" status="PASSED">
         <system-out><![CDATA[2019-12-20 13:52:57 - [TEST_CASE][PASSED] - Test Cases/Town Square binhchill/BinhChill Write-Off: Test Cases/Town Square binhchill/BinhChill Write-Off

2019-12-20 13:52:57 - [TEST_STEP][PASSED] - setText(findTestObject("Page_Town Square/textarea_Write to Town Square_post_textbox"), "Binh Very Deep Try :unamused: "): Text 'Binh Very Deep Try :unamused: ' is set on object 'Object Repository/Page_Town Square/textarea_Write to Town Square_post_textbox'

2019-12-20 13:52:59 - [MESSAGE][PASSED] - Text 'Binh Very Deep Try :unamused: ' is set on object 'Object Repository/Page_Town Square/textarea_Write to Town Square_post_textbox'

2019-12-20 13:52:59 - [TEST_STEP][PASSED] - sendKeys(findTestObject("Page_Town Square/textarea_Write to Town Square_post_textbox"), Keys.chord(ENTER)): Keys 'ENTER + ' sent to object: 'Object Repository/Page_Town Square/textarea_Write to Town Square_post_textbox'

2019-12-20 13:53:00 - [MESSAGE][PASSED] - Keys 'ENTER + ' sent to object: 'Object Repository/Page_Town Square/textarea_Write to Town Square_post_textbox']]></system-out>
         <system-err><![CDATA[]]></system-err>
      </testcase>
      <testcase name="Test Cases/Account Settings/Advanced Settings/Advanced" time="3.962" classname="Test Cases/Account Settings/Advanced Settings/Advanced" status="PASSED">
         <system-out><![CDATA[2019-12-20 13:53:00 - [TEST_CASE][PASSED] - Test Cases/Account Settings/Advanced Settings/Advanced: Test Cases/Account Settings/Advanced Settings/Advanced

2019-12-20 13:53:01 - [TEST_STEP][PASSED] - click(findTestObject("General Setting/span menu")): Object: 'Object Repository/General Setting/span menu' is clicked on

2019-12-20 13:53:02 - [MESSAGE][PASSED] - Object: 'Object Repository/General Setting/span menu' is clicked on

2019-12-20 13:53:02 - [TEST_STEP][PASSED] - click(findTestObject("General Setting/button_Account Settings")): Object: 'Object Repository/General Setting/button_Account Settings' is clicked on

2019-12-20 13:53:03 - [MESSAGE][PASSED] - Object: 'Object Repository/General Setting/button_Account Settings' is clicked on

2019-12-20 13:53:03 - [TEST_STEP][PASSED] - click(findTestObject("Account Settings/button_Advanced")): Object: 'Object Repository/Account Settings/button_Advanced' is clicked on

2019-12-20 13:53:03 - [MESSAGE][PASSED] - Object: 'Object Repository/Account Settings/button_Advanced' is clicked on

2019-12-20 13:53:03 - [TEST_STEP][PASSED] - sendKeys(findTestObject(null), Keys.chord(ESCAPE)): Keys 'ESCAPE + ' sent to object: 'tempBody'

2019-12-20 13:53:03 - [MESSAGE][WARNING] - Test object id is null

2019-12-20 13:53:03 - [MESSAGE][WARNING] - Test object with id 'Object Repository/' does not exist

2019-12-20 13:53:04 - [MESSAGE][PASSED] - Keys 'ESCAPE + ' sent to object: 'tempBody']]></system-out>
         <system-err><![CDATA[]]></system-err>
      </testcase>
      <testcase name="Test Cases/Account Settings/Display Settings/Display Channel" time="4.454" classname="Test Cases/Account Settings/Display Settings/Display Channel" status="PASSED">
         <system-out><![CDATA[2019-12-20 13:53:04 - [TEST_CASE][PASSED] - Test Cases/Account Settings/Display Settings/Display Channel: Test Cases/Account Settings/Display Settings/Display Channel

2019-12-20 13:53:04 - [TEST_STEP][PASSED] - click(findTestObject("General Setting/span menu")): Object: 'Object Repository/General Setting/span menu' is clicked on

2019-12-20 13:53:05 - [MESSAGE][PASSED] - Object: 'Object Repository/General Setting/span menu' is clicked on

2019-12-20 13:53:05 - [TEST_STEP][PASSED] - click(findTestObject("General Setting/button_Account Settings")): Object: 'Object Repository/General Setting/button_Account Settings' is clicked on

2019-12-20 13:53:06 - [MESSAGE][PASSED] - Object: 'Object Repository/General Setting/button_Account Settings' is clicked on

2019-12-20 13:53:06 - [TEST_STEP][PASSED] - click(findTestObject("Account Settings/button_Display")): Object: 'Object Repository/Account Settings/button_Display' is clicked on

2019-12-20 13:53:07 - [MESSAGE][PASSED] - Object: 'Object Repository/Account Settings/button_Display' is clicked on

2019-12-20 13:53:07 - [TEST_STEP][PASSED] - click(findTestObject("Account Settings/span_Edit Channel Display")): Object: 'Object Repository/Account Settings/span_Edit Channel Display' is clicked on

2019-12-20 13:53:08 - [MESSAGE][PASSED] - Object: 'Object Repository/Account Settings/span_Edit Channel Display' is clicked on

2019-12-20 13:53:08 - [TEST_STEP][PASSED] - sendKeys(findTestObject(null), Keys.chord(ENTER)): Keys 'ENTER + ' sent to object: 'tempBody'

2019-12-20 13:53:08 - [MESSAGE][WARNING] - Test object id is null

2019-12-20 13:53:08 - [MESSAGE][WARNING] - Test object with id 'Object Repository/' does not exist

2019-12-20 13:53:08 - [MESSAGE][PASSED] - Keys 'ENTER + ' sent to object: 'tempBody'

2019-12-20 13:53:08 - [TEST_STEP][PASSED] - sendKeys(findTestObject(null), Keys.chord(ESCAPE)): Keys 'ESCAPE + ' sent to object: 'tempBody'

2019-12-20 13:53:08 - [MESSAGE][WARNING] - Test object id is null

2019-12-20 13:53:08 - [MESSAGE][WARNING] - Test object with id 'Object Repository/' does not exist

2019-12-20 13:53:08 - [MESSAGE][PASSED] - Keys 'ESCAPE + ' sent to object: 'tempBody']]></system-out>
         <system-err><![CDATA[]]></system-err>
      </testcase>
      <testcase name="Test Cases/Town Square binhchill/BinhChill Write-Off" time="2.698" classname="Test Cases/Town Square binhchill/BinhChill Write-Off" status="PASSED">
         <system-out><![CDATA[2019-12-20 13:53:08 - [TEST_CASE][PASSED] - Test Cases/Town Square binhchill/BinhChill Write-Off: Test Cases/Town Square binhchill/BinhChill Write-Off

2019-12-20 13:53:08 - [TEST_STEP][PASSED] - setText(findTestObject("Page_Town Square/textarea_Write to Town Square_post_textbox"), "Binh Very Deep Try :unamused: "): Text 'Binh Very Deep Try :unamused: ' is set on object 'Object Repository/Page_Town Square/textarea_Write to Town Square_post_textbox'

2019-12-20 13:53:10 - [MESSAGE][PASSED] - Text 'Binh Very Deep Try :unamused: ' is set on object 'Object Repository/Page_Town Square/textarea_Write to Town Square_post_textbox'

2019-12-20 13:53:10 - [TEST_STEP][PASSED] - sendKeys(findTestObject("Page_Town Square/textarea_Write to Town Square_post_textbox"), Keys.chord(ENTER)): Keys 'ENTER + ' sent to object: 'Object Repository/Page_Town Square/textarea_Write to Town Square_post_textbox'

2019-12-20 13:53:11 - [MESSAGE][PASSED] - Keys 'ENTER + ' sent to object: 'Object Repository/Page_Town Square/textarea_Write to Town Square_post_textbox']]></system-out>
         <system-err><![CDATA[]]></system-err>
      </testcase>
      <testcase name="Test Cases/Account Settings/Display Settings/Display Clock" time="5.327" classname="Test Cases/Account Settings/Display Settings/Display Clock" status="PASSED">
         <system-out><![CDATA[2019-12-20 13:53:11 - [TEST_CASE][PASSED] - Test Cases/Account Settings/Display Settings/Display Clock: Test Cases/Account Settings/Display Settings/Display Clock

2019-12-20 13:53:11 - [TEST_STEP][PASSED] - click(findTestObject("General Setting/span menu")): Object: 'Object Repository/General Setting/span menu' is clicked on

2019-12-20 13:53:13 - [MESSAGE][PASSED] - Object: 'Object Repository/General Setting/span menu' is clicked on

2019-12-20 13:53:13 - [TEST_STEP][PASSED] - click(findTestObject("General Setting/button_Account Settings")): Object: 'Object Repository/General Setting/button_Account Settings' is clicked on

2019-12-20 13:53:14 - [MESSAGE][PASSED] - Object: 'Object Repository/General Setting/button_Account Settings' is clicked on

2019-12-20 13:53:14 - [TEST_STEP][PASSED] - click(findTestObject("Account Settings/button_Display")): Object: 'Object Repository/Account Settings/button_Display' is clicked on

2019-12-20 13:53:15 - [MESSAGE][PASSED] - Object: 'Object Repository/Account Settings/button_Display' is clicked on

2019-12-20 13:53:15 - [TEST_STEP][PASSED] - click(findTestObject("Account Settings/span_Edit Clock")): Object: 'Object Repository/Account Settings/span_Edit Clock' is clicked on

2019-12-20 13:53:15 - [MESSAGE][PASSED] - Object: 'Object Repository/Account Settings/span_Edit Clock' is clicked on

2019-12-20 13:53:15 - [TEST_STEP][PASSED] - click(findTestObject("Account Settings/input_Clock Display_clockFormat")): Object: 'Object Repository/Account Settings/input_Clock Display_clockFormat' is clicked on

2019-12-20 13:53:16 - [MESSAGE][PASSED] - Object: 'Object Repository/Account Settings/input_Clock Display_clockFormat' is clicked on

2019-12-20 13:53:16 - [TEST_STEP][PASSED] - sendKeys(findTestObject(null), Keys.chord(ENTER)): Keys 'ENTER + ' sent to object: 'tempBody'

2019-12-20 13:53:16 - [MESSAGE][WARNING] - Test object id is null

2019-12-20 13:53:16 - [MESSAGE][WARNING] - Test object with id 'Object Repository/' does not exist

2019-12-20 13:53:16 - [MESSAGE][PASSED] - Keys 'ENTER + ' sent to object: 'tempBody'

2019-12-20 13:53:16 - [TEST_STEP][PASSED] - sendKeys(findTestObject(null), Keys.chord(ESCAPE)): Keys 'ESCAPE + ' sent to object: 'tempBody'

2019-12-20 13:53:16 - [MESSAGE][WARNING] - Test object id is null

2019-12-20 13:53:16 - [MESSAGE][WARNING] - Test object with id 'Object Repository/' does not exist

2019-12-20 13:53:17 - [MESSAGE][PASSED] - Keys 'ESCAPE + ' sent to object: 'tempBody']]></system-out>
         <system-err><![CDATA[]]></system-err>
      </testcase>
      <testcase name="Test Cases/Account Settings/Display Settings/Display Default" time="4.846" classname="Test Cases/Account Settings/Display Settings/Display Default" status="PASSED">
         <system-out><![CDATA[2019-12-20 13:53:17 - [TEST_CASE][PASSED] - Test Cases/Account Settings/Display Settings/Display Default: Test Cases/Account Settings/Display Settings/Display Default

2019-12-20 13:53:17 - [TEST_STEP][PASSED] - click(findTestObject("General Setting/span menu")): Object: 'Object Repository/General Setting/span menu' is clicked on

2019-12-20 13:53:17 - [MESSAGE][PASSED] - Object: 'Object Repository/General Setting/span menu' is clicked on

2019-12-20 13:53:17 - [TEST_STEP][PASSED] - click(findTestObject("General Setting/button_Account Settings")): Object: 'Object Repository/General Setting/button_Account Settings' is clicked on

2019-12-20 13:53:18 - [MESSAGE][PASSED] - Object: 'Object Repository/General Setting/button_Account Settings' is clicked on

2019-12-20 13:53:18 - [TEST_STEP][PASSED] - click(findTestObject("Account Settings/button_Display")): Object: 'Object Repository/Account Settings/button_Display' is clicked on

2019-12-20 13:53:19 - [MESSAGE][PASSED] - Object: 'Object Repository/Account Settings/button_Display' is clicked on

2019-12-20 13:53:19 - [TEST_STEP][PASSED] - click(findTestObject("Account Settings/span_Edit Default appearance")): Object: 'Object Repository/Account Settings/span_Edit Default appearance' is clicked on

2019-12-20 13:53:20 - [MESSAGE][PASSED] - Object: 'Object Repository/Account Settings/span_Edit Default appearance' is clicked on

2019-12-20 13:53:20 - [TEST_STEP][PASSED] - click(findTestObject("Account Settings/input_Expanded_collapseFormat")): Object: 'Object Repository/Account Settings/input_Expanded_collapseFormat' is clicked on

2019-12-20 13:53:21 - [MESSAGE][PASSED] - Object: 'Object Repository/Account Settings/input_Expanded_collapseFormat' is clicked on

2019-12-20 13:53:21 - [TEST_STEP][PASSED] - sendKeys(findTestObject(null), Keys.chord(ENTER)): Keys 'ENTER + ' sent to object: 'tempBody'

2019-12-20 13:53:21 - [MESSAGE][WARNING] - Test object id is null

2019-12-20 13:53:21 - [MESSAGE][WARNING] - Test object with id 'Object Repository/' does not exist

2019-12-20 13:53:21 - [MESSAGE][PASSED] - Keys 'ENTER + ' sent to object: 'tempBody'

2019-12-20 13:53:21 - [TEST_STEP][PASSED] - sendKeys(findTestObject(null), Keys.chord(ESCAPE)): Keys 'ESCAPE + ' sent to object: 'tempBody'

2019-12-20 13:53:21 - [MESSAGE][WARNING] - Test object id is null

2019-12-20 13:53:21 - [MESSAGE][WARNING] - Test object with id 'Object Repository/' does not exist

2019-12-20 13:53:21 - [MESSAGE][PASSED] - Keys 'ESCAPE + ' sent to object: 'tempBody']]></system-out>
         <system-err><![CDATA[]]></system-err>
      </testcase>
      <testcase name="Test Cases/Account Settings/Display Settings/Display Language" time="4.655" classname="Test Cases/Account Settings/Display Settings/Display Language" status="PASSED">
         <system-out><![CDATA[2019-12-20 13:53:21 - [TEST_CASE][PASSED] - Test Cases/Account Settings/Display Settings/Display Language: Test Cases/Account Settings/Display Settings/Display Language

2019-12-20 13:53:21 - [TEST_STEP][PASSED] - click(findTestObject("General Setting/span menu")): Object: 'Object Repository/General Setting/span menu' is clicked on

2019-12-20 13:53:22 - [MESSAGE][PASSED] - Object: 'Object Repository/General Setting/span menu' is clicked on

2019-12-20 13:53:22 - [TEST_STEP][PASSED] - click(findTestObject("General Setting/button_Account Settings")): Object: 'Object Repository/General Setting/button_Account Settings' is clicked on

2019-12-20 13:53:23 - [MESSAGE][PASSED] - Object: 'Object Repository/General Setting/button_Account Settings' is clicked on

2019-12-20 13:53:23 - [TEST_STEP][PASSED] - click(findTestObject("Account Settings/button_Display")): Object: 'Object Repository/Account Settings/button_Display' is clicked on

2019-12-20 13:53:24 - [MESSAGE][PASSED] - Object: 'Object Repository/Account Settings/button_Display' is clicked on

2019-12-20 13:53:24 - [TEST_STEP][PASSED] - click(findTestObject("Account Settings/span_Edit Language")): Object: 'Object Repository/Account Settings/span_Edit Language' is clicked on

2019-12-20 13:53:25 - [MESSAGE][PASSED] - Object: 'Object Repository/Account Settings/span_Edit Language' is clicked on

2019-12-20 13:53:25 - [TEST_STEP][PASSED] - sendKeys(findTestObject(null), Keys.chord(ENTER)): Keys 'ENTER + ' sent to object: 'tempBody'

2019-12-20 13:53:25 - [MESSAGE][WARNING] - Test object id is null

2019-12-20 13:53:25 - [MESSAGE][WARNING] - Test object with id 'Object Repository/' does not exist

2019-12-20 13:53:25 - [MESSAGE][PASSED] - Keys 'ENTER + ' sent to object: 'tempBody'

2019-12-20 13:53:25 - [TEST_STEP][PASSED] - sendKeys(findTestObject(null), Keys.chord(ESCAPE)): Keys 'ESCAPE + ' sent to object: 'tempBody'

2019-12-20 13:53:25 - [MESSAGE][WARNING] - Test object id is null

2019-12-20 13:53:26 - [MESSAGE][WARNING] - Test object with id 'Object Repository/' does not exist

2019-12-20 13:53:26 - [MESSAGE][PASSED] - Keys 'ESCAPE + ' sent to object: 'tempBody']]></system-out>
         <system-err><![CDATA[]]></system-err>
      </testcase>
      <testcase name="Test Cases/Account Settings/Display Settings/Display Message" time="4.943" classname="Test Cases/Account Settings/Display Settings/Display Message" status="PASSED">
         <system-out><![CDATA[2019-12-20 13:53:26 - [TEST_CASE][PASSED] - Test Cases/Account Settings/Display Settings/Display Message: Test Cases/Account Settings/Display Settings/Display Message

2019-12-20 13:53:26 - [TEST_STEP][PASSED] - click(findTestObject("General Setting/span menu")): Object: 'Object Repository/General Setting/span menu' is clicked on

2019-12-20 13:53:27 - [MESSAGE][PASSED] - Object: 'Object Repository/General Setting/span menu' is clicked on

2019-12-20 13:53:27 - [TEST_STEP][PASSED] - click(findTestObject("General Setting/button_Account Settings")): Object: 'Object Repository/General Setting/button_Account Settings' is clicked on

2019-12-20 13:53:28 - [MESSAGE][PASSED] - Object: 'Object Repository/General Setting/button_Account Settings' is clicked on

2019-12-20 13:53:28 - [TEST_STEP][PASSED] - click(findTestObject("Account Settings/button_Display")): Object: 'Object Repository/Account Settings/button_Display' is clicked on

2019-12-20 13:53:29 - [MESSAGE][PASSED] - Object: 'Object Repository/Account Settings/button_Display' is clicked on

2019-12-20 13:53:29 - [TEST_STEP][PASSED] - click(findTestObject("Account Settings/span_Edit Message Display")): Object: 'Object Repository/Account Settings/span_Edit Message Display' is clicked on

2019-12-20 13:53:29 - [MESSAGE][PASSED] - Object: 'Object Repository/Account Settings/span_Edit Message Display' is clicked on

2019-12-20 13:53:29 - [TEST_STEP][PASSED] - click(findTestObject("Account Settings/label_Compact Fit as many messages on the screen as we can")): Object: 'Object Repository/Account Settings/label_Compact Fit as many messages on the screen as we can' is clicked on

2019-12-20 13:53:30 - [MESSAGE][PASSED] - Object: 'Object Repository/Account Settings/label_Compact Fit as many messages on the screen as we can' is clicked on

2019-12-20 13:53:30 - [TEST_STEP][PASSED] - sendKeys(findTestObject(null), Keys.chord(ENTER)): Keys 'ENTER + ' sent to object: 'tempBody'

2019-12-20 13:53:30 - [MESSAGE][WARNING] - Test object id is null

2019-12-20 13:53:30 - [MESSAGE][WARNING] - Test object with id 'Object Repository/' does not exist

2019-12-20 13:53:31 - [MESSAGE][PASSED] - Keys 'ENTER + ' sent to object: 'tempBody'

2019-12-20 13:53:31 - [TEST_STEP][PASSED] - sendKeys(findTestObject(null), Keys.chord(ESCAPE)): Keys 'ESCAPE + ' sent to object: 'tempBody'

2019-12-20 13:53:31 - [MESSAGE][WARNING] - Test object id is null

2019-12-20 13:53:31 - [MESSAGE][WARNING] - Test object with id 'Object Repository/' does not exist

2019-12-20 13:53:31 - [MESSAGE][PASSED] - Keys 'ESCAPE + ' sent to object: 'tempBody']]></system-out>
         <system-err><![CDATA[]]></system-err>
      </testcase>
      <testcase name="Test Cases/Account Settings/Display Settings/Display Teammate" time="4.596" classname="Test Cases/Account Settings/Display Settings/Display Teammate" status="PASSED">
         <system-out><![CDATA[2019-12-20 13:53:31 - [TEST_CASE][PASSED] - Test Cases/Account Settings/Display Settings/Display Teammate: Test Cases/Account Settings/Display Settings/Display Teammate

2019-12-20 13:53:31 - [TEST_STEP][PASSED] - click(findTestObject("General Setting/span menu")): Object: 'Object Repository/General Setting/span menu' is clicked on

2019-12-20 13:53:32 - [MESSAGE][PASSED] - Object: 'Object Repository/General Setting/span menu' is clicked on

2019-12-20 13:53:32 - [TEST_STEP][PASSED] - click(findTestObject("General Setting/button_Account Settings")): Object: 'Object Repository/General Setting/button_Account Settings' is clicked on

2019-12-20 13:53:33 - [MESSAGE][PASSED] - Object: 'Object Repository/General Setting/button_Account Settings' is clicked on

2019-12-20 13:53:33 - [TEST_STEP][PASSED] - click(findTestObject("Account Settings/button_Display")): Object: 'Object Repository/Account Settings/button_Display' is clicked on

2019-12-20 13:53:34 - [MESSAGE][PASSED] - Object: 'Object Repository/Account Settings/button_Display' is clicked on

2019-12-20 13:53:34 - [TEST_STEP][PASSED] - click(findTestObject("Account Settings/span_Edit Teammate")): Object: 'Object Repository/Account Settings/span_Edit Teammate' is clicked on

2019-12-20 13:53:34 - [MESSAGE][PASSED] - Object: 'Object Repository/Account Settings/span_Edit Teammate' is clicked on

2019-12-20 13:53:34 - [TEST_STEP][PASSED] - click(findTestObject("Account Settings/input_Teammate Name Display_name_formatFormat")): Object: 'Object Repository/Account Settings/input_Teammate Name Display_name_formatFormat' is clicked on

2019-12-20 13:53:35 - [MESSAGE][PASSED] - Object: 'Object Repository/Account Settings/input_Teammate Name Display_name_formatFormat' is clicked on

2019-12-20 13:53:35 - [TEST_STEP][PASSED] - sendKeys(findTestObject(null), Keys.chord(ENTER)): Keys 'ENTER + ' sent to object: 'tempBody'

2019-12-20 13:53:35 - [MESSAGE][WARNING] - Test object id is null

2019-12-20 13:53:35 - [MESSAGE][WARNING] - Test object with id 'Object Repository/' does not exist

2019-12-20 13:53:35 - [MESSAGE][PASSED] - Keys 'ENTER + ' sent to object: 'tempBody'

2019-12-20 13:53:35 - [TEST_STEP][PASSED] - sendKeys(findTestObject(null), Keys.chord(ESCAPE)): Keys 'ESCAPE + ' sent to object: 'tempBody'

2019-12-20 13:53:35 - [MESSAGE][WARNING] - Test object id is null

2019-12-20 13:53:35 - [MESSAGE][WARNING] - Test object with id 'Object Repository/' does not exist

2019-12-20 13:53:36 - [MESSAGE][PASSED] - Keys 'ESCAPE + ' sent to object: 'tempBody']]></system-out>
         <system-err><![CDATA[]]></system-err>
      </testcase>
      <testcase name="Test Cases/Account Settings/Display Settings/Display Theme" time="4.4" classname="Test Cases/Account Settings/Display Settings/Display Theme" status="PASSED">
         <system-out><![CDATA[2019-12-20 13:53:36 - [TEST_CASE][PASSED] - Test Cases/Account Settings/Display Settings/Display Theme: Test Cases/Account Settings/Display Settings/Display Theme

2019-12-20 13:53:36 - [TEST_STEP][PASSED] - click(findTestObject("General Setting/span menu")): Object: 'Object Repository/General Setting/span menu' is clicked on

2019-12-20 13:53:37 - [MESSAGE][PASSED] - Object: 'Object Repository/General Setting/span menu' is clicked on

2019-12-20 13:53:37 - [TEST_STEP][PASSED] - click(findTestObject("General Setting/button_Account Settings")): Object: 'Object Repository/General Setting/button_Account Settings' is clicked on

2019-12-20 13:53:38 - [MESSAGE][PASSED] - Object: 'Object Repository/General Setting/button_Account Settings' is clicked on

2019-12-20 13:53:38 - [TEST_STEP][PASSED] - click(findTestObject("Account Settings/button_Display")): Object: 'Object Repository/Account Settings/button_Display' is clicked on

2019-12-20 13:53:38 - [MESSAGE][PASSED] - Object: 'Object Repository/Account Settings/button_Display' is clicked on

2019-12-20 13:53:38 - [TEST_STEP][PASSED] - click(findTestObject("Account Settings/span_Edit Theme")): Object: 'Object Repository/Account Settings/span_Edit Theme' is clicked on

2019-12-20 13:53:39 - [MESSAGE][PASSED] - Object: 'Object Repository/Account Settings/span_Edit Theme' is clicked on

2019-12-20 13:53:39 - [TEST_STEP][PASSED] - sendKeys(findTestObject(null), Keys.chord(ENTER)): Keys 'ENTER + ' sent to object: 'tempBody'

2019-12-20 13:53:39 - [MESSAGE][WARNING] - Test object id is null

2019-12-20 13:53:39 - [MESSAGE][WARNING] - Test object with id 'Object Repository/' does not exist

2019-12-20 13:53:40 - [MESSAGE][PASSED] - Keys 'ENTER + ' sent to object: 'tempBody'

2019-12-20 13:53:40 - [TEST_STEP][PASSED] - sendKeys(findTestObject(null), Keys.chord(ESCAPE)): Keys 'ESCAPE + ' sent to object: 'tempBody'

2019-12-20 13:53:40 - [MESSAGE][WARNING] - Test object id is null

2019-12-20 13:53:40 - [MESSAGE][WARNING] - Test object with id 'Object Repository/' does not exist

2019-12-20 13:53:40 - [MESSAGE][PASSED] - Keys 'ESCAPE + ' sent to object: 'tempBody']]></system-out>
         <system-err><![CDATA[]]></system-err>
      </testcase>
      <testcase name="Test Cases/Account Settings/Display Settings/Display" time="3.624" classname="Test Cases/Account Settings/Display Settings/Display" status="PASSED">
         <system-out><![CDATA[2019-12-20 13:53:40 - [TEST_CASE][PASSED] - Test Cases/Account Settings/Display Settings/Display: Test Cases/Account Settings/Display Settings/Display

2019-12-20 13:53:40 - [TEST_STEP][PASSED] - click(findTestObject("General Setting/span menu")): Object: 'Object Repository/General Setting/span menu' is clicked on

2019-12-20 13:53:41 - [MESSAGE][PASSED] - Object: 'Object Repository/General Setting/span menu' is clicked on

2019-12-20 13:53:41 - [TEST_STEP][PASSED] - click(findTestObject("General Setting/button_Account Settings")): Object: 'Object Repository/General Setting/button_Account Settings' is clicked on

2019-12-20 13:53:42 - [MESSAGE][PASSED] - Object: 'Object Repository/General Setting/button_Account Settings' is clicked on

2019-12-20 13:53:42 - [TEST_STEP][PASSED] - click(findTestObject("Account Settings/button_Display")): Object: 'Object Repository/Account Settings/button_Display' is clicked on

2019-12-20 13:53:43 - [MESSAGE][PASSED] - Object: 'Object Repository/Account Settings/button_Display' is clicked on

2019-12-20 13:53:43 - [TEST_STEP][PASSED] - sendKeys(findTestObject(null), Keys.chord(ESCAPE)): Keys 'ESCAPE + ' sent to object: 'tempBody'

2019-12-20 13:53:43 - [MESSAGE][WARNING] - Test object id is null

2019-12-20 13:53:43 - [MESSAGE][WARNING] - Test object with id 'Object Repository/' does not exist

2019-12-20 13:53:44 - [MESSAGE][PASSED] - Keys 'ESCAPE + ' sent to object: 'tempBody']]></system-out>
         <system-err><![CDATA[]]></system-err>
      </testcase>
      <testcase name="Test Cases/Account Settings/General Setting/Email" time="3.526" classname="Test Cases/Account Settings/General Setting/Email" status="PASSED">
         <system-out><![CDATA[2019-12-20 13:53:44 - [TEST_CASE][PASSED] - Test Cases/Account Settings/General Setting/Email: Test Cases/Account Settings/General Setting/Email

2019-12-20 13:53:44 - [TEST_STEP][PASSED] - click(findTestObject("General Setting/span menu")): Object: 'Object Repository/General Setting/span menu' is clicked on

2019-12-20 13:53:45 - [MESSAGE][PASSED] - Object: 'Object Repository/General Setting/span menu' is clicked on

2019-12-20 13:53:45 - [TEST_STEP][PASSED] - click(findTestObject("General Setting/button_Account Settings")): Object: 'Object Repository/General Setting/button_Account Settings' is clicked on

2019-12-20 13:53:46 - [MESSAGE][PASSED] - Object: 'Object Repository/General Setting/button_Account Settings' is clicked on

2019-12-20 13:53:46 - [TEST_STEP][PASSED] - click(findTestObject("General Setting/span_Edit Email")): Object: 'Object Repository/General Setting/span_Edit Email' is clicked on

2019-12-20 13:53:47 - [MESSAGE][PASSED] - Object: 'Object Repository/General Setting/span_Edit Email' is clicked on

2019-12-20 13:53:47 - [TEST_STEP][PASSED] - sendKeys(findTestObject(null), Keys.chord(ESCAPE)): Keys 'ESCAPE + ' sent to object: 'tempBody'

2019-12-20 13:53:47 - [MESSAGE][WARNING] - Test object id is null

2019-12-20 13:53:47 - [MESSAGE][WARNING] - Test object with id 'Object Repository/' does not exist

2019-12-20 13:53:47 - [MESSAGE][PASSED] - Keys 'ESCAPE + ' sent to object: 'tempBody']]></system-out>
         <system-err><![CDATA[]]></system-err>
      </testcase>
      <testcase name="Test Cases/Account Settings/General Setting/Full Name" time="5.324" classname="Test Cases/Account Settings/General Setting/Full Name" status="PASSED">
         <system-out><![CDATA[2019-12-20 13:53:47 - [TEST_CASE][PASSED] - Test Cases/Account Settings/General Setting/Full Name: Test Cases/Account Settings/General Setting/Full Name

2019-12-20 13:53:47 - [TEST_STEP][PASSED] - click(findTestObject("General Setting/span menu")): Object: 'Object Repository/General Setting/span menu' is clicked on

2019-12-20 13:53:48 - [MESSAGE][PASSED] - Object: 'Object Repository/General Setting/span menu' is clicked on

2019-12-20 13:53:48 - [TEST_STEP][PASSED] - click(findTestObject("General Setting/button_Account Settings")): Object: 'Object Repository/General Setting/button_Account Settings' is clicked on

2019-12-20 13:53:49 - [MESSAGE][PASSED] - Object: 'Object Repository/General Setting/button_Account Settings' is clicked on

2019-12-20 13:53:49 - [TEST_STEP][PASSED] - click(findTestObject("General Setting/span_Edit FullName")): Object: 'Object Repository/General Setting/span_Edit FullName' is clicked on

2019-12-20 13:53:50 - [MESSAGE][PASSED] - Object: 'Object Repository/General Setting/span_Edit FullName' is clicked on

2019-12-20 13:53:50 - [TEST_STEP][PASSED] - setText(findTestObject("General Setting/input_First Name_firstName"), "Nguyen"): Text 'Nguyen' is set on object 'Object Repository/General Setting/input_First Name_firstName'

2019-12-20 13:53:51 - [MESSAGE][PASSED] - Text 'Nguyen' is set on object 'Object Repository/General Setting/input_First Name_firstName'

2019-12-20 13:53:51 - [TEST_STEP][PASSED] - setText(findTestObject("General Setting/input_Last Name_lastName"), "Binh"): Text 'Binh' is set on object 'Object Repository/General Setting/input_Last Name_lastName'

2019-12-20 13:53:51 - [MESSAGE][PASSED] - Text 'Binh' is set on object 'Object Repository/General Setting/input_Last Name_lastName'

2019-12-20 13:53:51 - [TEST_STEP][PASSED] - click(findTestObject("General Setting/span_Save FullName")): Object: 'Object Repository/General Setting/span_Save FullName' is clicked on

2019-12-20 13:53:52 - [MESSAGE][PASSED] - Object: 'Object Repository/General Setting/span_Save FullName' is clicked on

2019-12-20 13:53:52 - [TEST_STEP][PASSED] - sendKeys(findTestObject(null), Keys.chord(ESCAPE)): Keys 'ESCAPE + ' sent to object: 'tempBody'

2019-12-20 13:53:52 - [MESSAGE][WARNING] - Test object id is null

2019-12-20 13:53:52 - [MESSAGE][WARNING] - Test object with id 'Object Repository/' does not exist

2019-12-20 13:53:52 - [MESSAGE][PASSED] - Keys 'ESCAPE + ' sent to object: 'tempBody']]></system-out>
         <system-err><![CDATA[]]></system-err>
      </testcase>
      <testcase name="Test Cases/Account Settings/General Setting/NickName" time="4.866" classname="Test Cases/Account Settings/General Setting/NickName" status="PASSED">
         <system-out><![CDATA[2019-12-20 13:53:52 - [TEST_CASE][PASSED] - Test Cases/Account Settings/General Setting/NickName: Test Cases/Account Settings/General Setting/NickName

2019-12-20 13:53:53 - [TEST_STEP][PASSED] - click(findTestObject("General Setting/span menu")): Object: 'Object Repository/General Setting/span menu' is clicked on

2019-12-20 13:53:53 - [MESSAGE][PASSED] - Object: 'Object Repository/General Setting/span menu' is clicked on

2019-12-20 13:53:53 - [TEST_STEP][PASSED] - click(findTestObject("General Setting/button_Account Settings")): Object: 'Object Repository/General Setting/button_Account Settings' is clicked on

2019-12-20 13:53:55 - [MESSAGE][PASSED] - Object: 'Object Repository/General Setting/button_Account Settings' is clicked on

2019-12-20 13:53:55 - [TEST_STEP][PASSED] - click(findTestObject("General Setting/span_Edit NickName")): Object: 'Object Repository/General Setting/span_Edit NickName' is clicked on

2019-12-20 13:53:55 - [MESSAGE][PASSED] - Object: 'Object Repository/General Setting/span_Edit NickName' is clicked on

2019-12-20 13:53:55 - [TEST_STEP][PASSED] - setText(findTestObject("General Setting/input_Nickname_nickname"), "binhchill"): Text 'binhchill' is set on object 'Object Repository/General Setting/input_Nickname_nickname'

2019-12-20 13:53:56 - [MESSAGE][PASSED] - Text 'binhchill' is set on object 'Object Repository/General Setting/input_Nickname_nickname'

2019-12-20 13:53:56 - [TEST_STEP][PASSED] - click(findTestObject("General Setting/span_Save NickName")): Object: 'Object Repository/General Setting/span_Save NickName' is clicked on

2019-12-20 13:53:57 - [MESSAGE][PASSED] - Object: 'Object Repository/General Setting/span_Save NickName' is clicked on

2019-12-20 13:53:57 - [TEST_STEP][PASSED] - sendKeys(findTestObject(null), Keys.chord(ESCAPE)): Keys 'ESCAPE + ' sent to object: 'tempBody'

2019-12-20 13:53:57 - [MESSAGE][WARNING] - Test object id is null

2019-12-20 13:53:57 - [MESSAGE][WARNING] - Test object with id 'Object Repository/' does not exist

2019-12-20 13:53:57 - [MESSAGE][PASSED] - Keys 'ESCAPE + ' sent to object: 'tempBody']]></system-out>
         <system-err><![CDATA[]]></system-err>
      </testcase>
      <testcase name="Test Cases/Account Settings/General Setting/Position" time="4.163" classname="Test Cases/Account Settings/General Setting/Position" status="PASSED">
         <system-out><![CDATA[2019-12-20 13:53:57 - [TEST_CASE][PASSED] - Test Cases/Account Settings/General Setting/Position: Test Cases/Account Settings/General Setting/Position

2019-12-20 13:53:58 - [TEST_STEP][PASSED] - click(findTestObject("General Setting/span menu")): Object: 'Object Repository/General Setting/span menu' is clicked on

2019-12-20 13:53:58 - [MESSAGE][PASSED] - Object: 'Object Repository/General Setting/span menu' is clicked on

2019-12-20 13:53:58 - [TEST_STEP][PASSED] - click(findTestObject("General Setting/button_Account Settings")): Object: 'Object Repository/General Setting/button_Account Settings' is clicked on

2019-12-20 13:54:00 - [MESSAGE][PASSED] - Object: 'Object Repository/General Setting/button_Account Settings' is clicked on

2019-12-20 13:54:00 - [TEST_STEP][PASSED] - click(findTestObject("General Setting/span_Edit Position")): Object: 'Object Repository/General Setting/span_Edit Position' is clicked on

2019-12-20 13:54:00 - [MESSAGE][PASSED] - Object: 'Object Repository/General Setting/span_Edit Position' is clicked on

2019-12-20 13:54:00 - [TEST_STEP][PASSED] - setText(findTestObject("General Setting/input_Position_position"), ""): Text '' is set on object 'Object Repository/General Setting/input_Position_position'

2019-12-20 13:54:01 - [MESSAGE][PASSED] - Text '' is set on object 'Object Repository/General Setting/input_Position_position'

2019-12-20 13:54:01 - [TEST_STEP][PASSED] - sendKeys(findTestObject(null), Keys.chord(ESCAPE)): Keys 'ESCAPE + ' sent to object: 'tempBody'

2019-12-20 13:54:01 - [MESSAGE][WARNING] - Test object id is null

2019-12-20 13:54:01 - [MESSAGE][WARNING] - Test object with id 'Object Repository/' does not exist

2019-12-20 13:54:02 - [MESSAGE][PASSED] - Keys 'ESCAPE + ' sent to object: 'tempBody']]></system-out>
         <system-err><![CDATA[]]></system-err>
      </testcase>
      <testcase name="Test Cases/Account Settings/General Setting/Profile" time="3.611" classname="Test Cases/Account Settings/General Setting/Profile" status="PASSED">
         <system-out><![CDATA[2019-12-20 13:54:02 - [TEST_CASE][PASSED] - Test Cases/Account Settings/General Setting/Profile: Test Cases/Account Settings/General Setting/Profile

2019-12-20 13:54:02 - [TEST_STEP][PASSED] - click(findTestObject("General Setting/span menu")): Object: 'Object Repository/General Setting/span menu' is clicked on

2019-12-20 13:54:03 - [MESSAGE][PASSED] - Object: 'Object Repository/General Setting/span menu' is clicked on

2019-12-20 13:54:03 - [TEST_STEP][PASSED] - click(findTestObject("General Setting/button_Account Settings")): Object: 'Object Repository/General Setting/button_Account Settings' is clicked on

2019-12-20 13:54:04 - [MESSAGE][PASSED] - Object: 'Object Repository/General Setting/button_Account Settings' is clicked on

2019-12-20 13:54:04 - [TEST_STEP][PASSED] - click(findTestObject("General Setting/span_Edit Profile")): Object: 'Object Repository/General Setting/span_Edit Profile' is clicked on

2019-12-20 13:54:05 - [MESSAGE][PASSED] - Object: 'Object Repository/General Setting/span_Edit Profile' is clicked on

2019-12-20 13:54:05 - [TEST_STEP][PASSED] - sendKeys(findTestObject(null), Keys.chord(ESCAPE)): Keys 'ESCAPE + ' sent to object: 'tempBody'

2019-12-20 13:54:05 - [MESSAGE][WARNING] - Test object id is null

2019-12-20 13:54:05 - [MESSAGE][WARNING] - Test object with id 'Object Repository/' does not exist

2019-12-20 13:54:05 - [MESSAGE][PASSED] - Keys 'ESCAPE + ' sent to object: 'tempBody']]></system-out>
         <system-err><![CDATA[]]></system-err>
      </testcase>
      <testcase name="Test Cases/Account Settings/General Setting/Sample" time="3.111" classname="Test Cases/Account Settings/General Setting/Sample" status="PASSED">
         <system-out><![CDATA[2019-12-20 13:54:05 - [TEST_CASE][PASSED] - Test Cases/Account Settings/General Setting/Sample: Test Cases/Account Settings/General Setting/Sample

2019-12-20 13:54:06 - [TEST_STEP][PASSED] - click(findTestObject("General Setting/span menu")): Object: 'Object Repository/General Setting/span menu' is clicked on

2019-12-20 13:54:06 - [MESSAGE][PASSED] - Object: 'Object Repository/General Setting/span menu' is clicked on

2019-12-20 13:54:06 - [TEST_STEP][PASSED] - click(findTestObject("General Setting/button_Account Settings")): Object: 'Object Repository/General Setting/button_Account Settings' is clicked on

2019-12-20 13:54:08 - [MESSAGE][PASSED] - Object: 'Object Repository/General Setting/button_Account Settings' is clicked on

2019-12-20 13:54:08 - [TEST_STEP][PASSED] - sendKeys(findTestObject(null), Keys.chord(ESCAPE)): Keys 'ESCAPE + ' sent to object: 'tempBody'

2019-12-20 13:54:08 - [MESSAGE][WARNING] - Test object id is null

2019-12-20 13:54:08 - [MESSAGE][WARNING] - Test object with id 'Object Repository/' does not exist

2019-12-20 13:54:08 - [MESSAGE][PASSED] - Keys 'ESCAPE + ' sent to object: 'tempBody']]></system-out>
         <system-err><![CDATA[]]></system-err>
      </testcase>
      <testcase name="Test Cases/Account Settings/General Setting/User Name" time="4.218" classname="Test Cases/Account Settings/General Setting/User Name" status="PASSED">
         <system-out><![CDATA[2019-12-20 13:54:08 - [TEST_CASE][PASSED] - Test Cases/Account Settings/General Setting/User Name: Test Cases/Account Settings/General Setting/User Name

2019-12-20 13:54:09 - [TEST_STEP][PASSED] - click(findTestObject("General Setting/span menu")): Object: 'Object Repository/General Setting/span menu' is clicked on

2019-12-20 13:54:09 - [MESSAGE][PASSED] - Object: 'Object Repository/General Setting/span menu' is clicked on

2019-12-20 13:54:09 - [TEST_STEP][PASSED] - click(findTestObject("General Setting/button_Account Settings")): Object: 'Object Repository/General Setting/button_Account Settings' is clicked on

2019-12-20 13:54:10 - [MESSAGE][PASSED] - Object: 'Object Repository/General Setting/button_Account Settings' is clicked on

2019-12-20 13:54:10 - [TEST_STEP][PASSED] - click(findTestObject("General Setting/span_Edit UserName")): Object: 'Object Repository/General Setting/span_Edit UserName' is clicked on

2019-12-20 13:54:11 - [MESSAGE][PASSED] - Object: 'Object Repository/General Setting/span_Edit UserName' is clicked on

2019-12-20 13:54:11 - [TEST_STEP][PASSED] - click(findTestObject("General Setting/span_Save UserName")): Object: 'Object Repository/General Setting/span_Save UserName' is clicked on

2019-12-20 13:54:12 - [MESSAGE][PASSED] - Object: 'Object Repository/General Setting/span_Save UserName' is clicked on

2019-12-20 13:54:12 - [TEST_STEP][PASSED] - sendKeys(findTestObject(null), Keys.chord(ESCAPE)): Keys 'ESCAPE + ' sent to object: 'tempBody'

2019-12-20 13:54:12 - [MESSAGE][WARNING] - Test object id is null

2019-12-20 13:54:12 - [MESSAGE][WARNING] - Test object with id 'Object Repository/' does not exist

2019-12-20 13:54:13 - [MESSAGE][PASSED] - Keys 'ESCAPE + ' sent to object: 'tempBody']]></system-out>
         <system-err><![CDATA[]]></system-err>
      </testcase>
      <testcase name="Test Cases/Account Settings/Join New Channels/Chatting" time="2.253" classname="Test Cases/Account Settings/Join New Channels/Chatting" status="PASSED">
         <system-out><![CDATA[2019-12-20 13:54:13 - [TEST_CASE][PASSED] - Test Cases/Account Settings/Join New Channels/Chatting: Test Cases/Account Settings/Join New Channels/Chatting

2019-12-20 13:54:13 - [TEST_STEP][PASSED] - setText(findTestObject("Page Join Channels/textarea_Write to Boyris New Age_post_textbox"), "Hello Im New"): Text 'Hello Im New' is set on object 'Object Repository/Page Join Channels/textarea_Write to Boyris New Age_post_textbox'

2019-12-20 13:54:14 - [MESSAGE][PASSED] - Text 'Hello Im New' is set on object 'Object Repository/Page Join Channels/textarea_Write to Boyris New Age_post_textbox'

2019-12-20 13:54:14 - [TEST_STEP][PASSED] - sendKeys(findTestObject(null), Keys.chord(ENTER)): Keys 'ENTER + ' sent to object: 'tempBody'

2019-12-20 13:54:14 - [MESSAGE][WARNING] - Test object id is null

2019-12-20 13:54:14 - [MESSAGE][WARNING] - Test object with id 'Object Repository/' does not exist

2019-12-20 13:54:15 - [MESSAGE][PASSED] - Keys 'ENTER + ' sent to object: 'tempBody']]></system-out>
         <system-err><![CDATA[]]></system-err>
      </testcase>
      <testcase name="Test Cases/Account Settings/Join New Channels/Join Channels" time="3.373" classname="Test Cases/Account Settings/Join New Channels/Join Channels" status="PASSED">
         <system-out><![CDATA[2019-12-20 13:54:15 - [TEST_CASE][PASSED] - Test Cases/Account Settings/Join New Channels/Join Channels: Test Cases/Account Settings/Join New Channels/Join Channels

2019-12-20 13:54:15 - [TEST_STEP][PASSED] - click(findTestObject("Page Join Channels/span_More")): Object: 'Object Repository/Page Join Channels/span_More' is clicked on

2019-12-20 13:54:16 - [MESSAGE][PASSED] - Object: 'Object Repository/Page Join Channels/span_More' is clicked on

2019-12-20 13:54:16 - [TEST_STEP][PASSED] - setText(findTestObject("Page Join Channels/input_Create New Channel_searchChannelsTextbox"), "Boyris "): Text 'Boyris ' is set on object 'Object Repository/Page Join Channels/input_Create New Channel_searchChannelsTextbox'

2019-12-20 13:54:17 - [MESSAGE][PASSED] - Text 'Boyris ' is set on object 'Object Repository/Page Join Channels/input_Create New Channel_searchChannelsTextbox'

2019-12-20 13:54:17 - [TEST_STEP][PASSED] - click(findTestObject("Page Join Channels/span_Join Channels")): Object: 'Object Repository/Page Join Channels/span_Join Channels' is clicked on

2019-12-20 13:54:18 - [MESSAGE][PASSED] - Object: 'Object Repository/Page Join Channels/span_Join Channels' is clicked on]]></system-out>
         <system-err><![CDATA[]]></system-err>
      </testcase>
      <testcase name="Test Cases/Account Settings/Join New Channels/Leave Channels" time="3.585" classname="Test Cases/Account Settings/Join New Channels/Leave Channels" status="PASSED">
         <system-out><![CDATA[2019-12-20 13:54:18 - [TEST_CASE][PASSED] - Test Cases/Account Settings/Join New Channels/Leave Channels: Test Cases/Account Settings/Join New Channels/Leave Channels

2019-12-20 13:54:19 - [TEST_STEP][PASSED] - click(findTestObject("Page Join Channels/span_Boyris New Age_channelHeaderDropdownIcon")): Object: 'Object Repository/Page Join Channels/span_Boyris New Age_channelHeaderDropdownIcon' is clicked on

2019-12-20 13:54:21 - [MESSAGE][PASSED] - Object: 'Object Repository/Page Join Channels/span_Boyris New Age_channelHeaderDropdownIcon' is clicked on

2019-12-20 13:54:21 - [TEST_STEP][PASSED] - click(findTestObject("Page Join Channels/button_Leave Channel")): Object: 'Object Repository/Page Join Channels/button_Leave Channel' is clicked on

2019-12-20 13:54:22 - [MESSAGE][PASSED] - Object: 'Object Repository/Page Join Channels/button_Leave Channel' is clicked on]]></system-out>
         <system-err><![CDATA[]]></system-err>
      </testcase>
[...]

2019-12-20 13:54:30 - [TEST_STEP][PASSED] - sendKeys(findTestObject(null), Keys.chord(ESCAPE)): Keys 'ESCAPE + ' sent to object: 'tempBody'

2019-12-20 13:54:30 - [MESSAGE][WARNING] - Test object id is null

2019-12-20 13:54:30 - [MESSAGE][WARNING] - Test object with id 'Object Repository/' does not exist

2019-12-20 13:54:31 - [MESSAGE][PASSED] - Keys 'ESCAPE + ' sent to object: 'tempBody']]></system-out>
         <system-err><![CDATA[]]></system-err>
      </testcase>
      <testcase name="Test Cases/Account Settings/Sidebar Settings/Sidebar" time="3.339" classname="Test Cases/Account Settings/Sidebar Settings/Sidebar" status="PASSED">
         <system-out><![CDATA[2019-12-20 13:54:31 - [TEST_CASE][PASSED] - Test Cases/Account Settings/Sidebar Settings/Sidebar: Test Cases/Account Settings/Sidebar Settings/Sidebar

2019-12-20 13:54:31 - [TEST_STEP][PASSED] - click(findTestObject("General Setting/span menu")): Object: 'Object Repository/General Setting/span menu' is clicked on

2019-12-20 13:54:32 - [MESSAGE][PASSED] - Object: 'Object Repository/General Setting/span menu' is clicked on

2019-12-20 13:54:32 - [TEST_STEP][PASSED] - click(findTestObject("General Setting/button_Account Settings")): Object: 'Object Repository/General Setting/button_Account Settings' is clicked on

2019-12-20 13:54:33 - [MESSAGE][PASSED] - Object: 'Object Repository/General Setting/button_Account Settings' is clicked on

2019-12-20 13:54:33 - [TEST_STEP][PASSED] - click(findTestObject("Account Settings/button_Sidebar")): Object: 'Object Repository/Account Settings/button_Sidebar' is clicked on

2019-12-20 13:54:34 - [MESSAGE][PASSED] - Object: 'Object Repository/Account Settings/button_Sidebar' is clicked on

2019-12-20 13:54:34 - [TEST_STEP][PASSED] - sendKeys(findTestObject(null), Keys.chord(ESCAPE)): Keys 'ESCAPE + ' sent to object: 'tempBody'

2019-12-20 13:54:34 - [MESSAGE][WARNING] - Test object id is null

2019-12-20 13:54:34 - [MESSAGE][WARNING] - Test object with id 'Object Repository/' does not exist

2019-12-20 13:54:34 - [MESSAGE][PASSED] - Keys 'ESCAPE + ' sent to object: 'tempBody']]></system-out>
         <system-err><![CDATA[]]></system-err>
      </testcase>
      <testcase name="Test Cases/Boyris Team/Enter Boyris" time="1.27" classname="Test Cases/Boyris Team/Enter Boyris" status="PASSED">
         <system-out><![CDATA[2019-12-20 13:54:34 - [TEST_CASE][PASSED] - Test Cases/Boyris Team/Enter Boyris: Test Cases/Boyris Team/Enter Boyris

2019-12-20 13:54:35 - [TEST_STEP][PASSED] - click(findTestObject("Page Boyris Mattermost/div_Boyris")): Object: 'Object Repository/Page Boyris Mattermost/div_Boyris' is clicked on

2019-12-20 13:54:35 - [MESSAGE][PASSED] - Object: 'Object Repository/Page Boyris Mattermost/div_Boyris' is clicked on]]></system-out>
         <system-err><![CDATA[]]></system-err>
      </testcase>
      <testcase name="Test Cases/Boyris Team/Add BinhChill" time="5.328" classname="Test Cases/Boyris Team/Add BinhChill" status="PASSED">
         <system-out><![CDATA[2019-12-20 13:54:35 - [TEST_CASE][PASSED] - Test Cases/Boyris Team/Add BinhChill: Test Cases/Boyris Team/Add BinhChill

2019-12-20 13:54:36 - [TEST_STEP][PASSED] - click(findTestObject("Page Boyris Mattermost/span_Main menu")): Object: 'Object Repository/Page Boyris Mattermost/span_Main menu' is clicked on

2019-12-20 13:54:37 - [MESSAGE][PASSED] - Object: 'Object Repository/Page Boyris Mattermost/span_Main menu' is clicked on

2019-12-20 13:54:37 - [TEST_STEP][PASSED] - click(findTestObject("Page Boyris Mattermost/button_Add Members to Team")): Object: 'Object Repository/Page Boyris Mattermost/button_Add Members to Team' is clicked on

2019-12-20 13:54:38 - [MESSAGE][PASSED] - Object: 'Object Repository/Page Boyris Mattermost/button_Add Members to Team' is clicked on

2019-12-20 13:54:38 - [TEST_STEP][PASSED] - click(findTestObject("Page Boyris Mattermost/span_binhchill - Nguyen Binh (binhchill)"), STOP_ON_FAILURE): Object: 'Object Repository/Page Boyris Mattermost/span_binhchill - Nguyen Binh (binhchill)' is clicked on

2019-12-20 13:54:39 - [MESSAGE][PASSED] - Object: 'Object Repository/Page Boyris Mattermost/span_binhchill - Nguyen Binh (binhchill)' is clicked on

2019-12-20 13:54:39 - [TEST_STEP][PASSED] - click(findTestObject("Page Boyris Mattermost/span_Add member")): Object: 'Object Repository/Page Boyris Mattermost/span_Add member' is clicked on

2019-12-20 13:54:39 - [MESSAGE][PASSED] - Object: 'Object Repository/Page Boyris Mattermost/span_Add member' is clicked on

2019-12-20 13:54:39 - [TEST_STEP][PASSED] - sendKeys(findTestObject(null), Keys.chord(ESCAPE)): Keys 'ESCAPE + ' sent to object: 'tempBody'

2019-12-20 13:54:39 - [MESSAGE][WARNING] - Test object id is null

2019-12-20 13:54:39 - [MESSAGE][WARNING] - Test object with id 'Object Repository/' does not exist

2019-12-20 13:54:41 - [MESSAGE][PASSED] - Keys 'ESCAPE + ' sent to object: 'tempBody']]></system-out>
         <system-err><![CDATA[]]></system-err>
      </testcase>
      <testcase name="Test Cases/Boyris Team/Kick BinhChill" time="5.658" classname="Test Cases/Boyris Team/Kick BinhChill" status="PASSED">
         <system-out><![CDATA[2019-12-20 13:54:41 - [TEST_CASE][PASSED] - Test Cases/Boyris Team/Kick BinhChill: Test Cases/Boyris Team/Kick BinhChill

2019-12-20 13:54:41 - [TEST_STEP][PASSED] - click(findTestObject("Page Boyris Mattermost/span_Main menu")): Object: 'Object Repository/Page Boyris Mattermost/span_Main menu' is clicked on

2019-12-20 13:54:42 - [MESSAGE][PASSED] - Object: 'Object Repository/Page Boyris Mattermost/span_Main menu' is clicked on

2019-12-20 13:54:42 - [TEST_STEP][PASSED] - click(findTestObject("Page Boyris Mattermost/button_Manage Members")): Object: 'Object Repository/Page Boyris Mattermost/button_Manage Members' is clicked on

2019-12-20 13:54:43 - [MESSAGE][PASSED] - Object: 'Object Repository/Page Boyris Mattermost/button_Manage Members' is clicked on

2019-12-20 13:54:43 - [TEST_STEP][PASSED] - click(findTestObject("Page Boyris Mattermost/span_System Admin")): Object: 'Object Repository/Page Boyris Mattermost/span_System Admin' is clicked on

2019-12-20 13:54:44 - [MESSAGE][PASSED] - Object: 'Object Repository/Page Boyris Mattermost/span_System Admin' is clicked on

2019-12-20 13:54:44 - [TEST_STEP][PASSED] - click(findTestObject("Page Boyris Mattermost/button_Remove From Team")): Object: 'Object Repository/Page Boyris Mattermost/button_Remove From Team' is clicked on

2019-12-20 13:54:45 - [MESSAGE][PASSED] - Object: 'Object Repository/Page Boyris Mattermost/button_Remove From Team' is clicked on

2019-12-20 13:54:45 - [TEST_STEP][PASSED] - sendKeys(findTestObject(null), Keys.chord(ESCAPE)): Keys 'ESCAPE + ' sent to object: 'tempBody'

2019-12-20 13:54:45 - [MESSAGE][WARNING] - Test object id is null

2019-12-20 13:54:45 - [MESSAGE][WARNING] - Test object with id 'Object Repository/' does not exist

2019-12-20 13:54:46 - [MESSAGE][PASSED] - Keys 'ESCAPE + ' sent to object: 'tempBody']]></system-out>
         <system-err><![CDATA[]]></system-err>
      </testcase>
      <testcase name="Test Cases/Boyris Team/Team Allow Any" time="3.318" classname="Test Cases/Boyris Team/Team Allow Any" status="PASSED">
         <system-out><![CDATA[2019-12-20 13:54:46 - [TEST_CASE][PASSED] - Test Cases/Boyris Team/Team Allow Any: Test Cases/Boyris Team/Team Allow Any

2019-12-20 13:54:47 - [TEST_STEP][PASSED] - click(findTestObject("Page Boyris Mattermost/span_Main menu")): Object: 'Object Repository/Page Boyris Mattermost/span_Main menu' is clicked on

2019-12-20 13:54:47 - [MESSAGE][PASSED] - Object: 'Object Repository/Page Boyris Mattermost/span_Main menu' is clicked on

2019-12-20 13:54:47 - [TEST_STEP][PASSED] - click(findTestObject("Page Boyris Mattermost/button_Team Settings")): Object: 'Object Repository/Page Boyris Mattermost/button_Team Settings' is clicked on

2019-12-20 13:54:48 - [MESSAGE][PASSED] - Object: 'Object Repository/Page Boyris Mattermost/button_Team Settings' is clicked on

2019-12-20 13:54:48 - [TEST_STEP][PASSED] - click(findTestObject("Page Boyris Mattermost/span_Edit Allow Any")): Object: 'Object Repository/Page Boyris Mattermost/span_Edit Allow Any' is clicked on

2019-12-20 13:54:49 - [MESSAGE][PASSED] - Object: 'Object Repository/Page Boyris Mattermost/span_Edit Allow Any' is clicked on

2019-12-20 13:54:49 - [TEST_STEP][PASSED] - sendKeys(findTestObject(null), Keys.chord(ESCAPE)): Keys 'ESCAPE + ' sent to object: 'tempBody'

2019-12-20 13:54:49 - [MESSAGE][WARNING] - Test object id is null

2019-12-20 13:54:49 - [MESSAGE][WARNING] - Test object with id 'Object Repository/' does not exist

2019-12-20 13:54:50 - [MESSAGE][PASSED] - Keys 'ESCAPE + ' sent to object: 'tempBody']]></system-out>
         <system-err><![CDATA[]]></system-err>
      </testcase>
      <testcase name="Test Cases/Boyris Team/Team Allow Only" time="3.469" classname="Test Cases/Boyris Team/Team Allow Only" status="PASSED">
         <system-out><![CDATA[2019-12-20 13:54:50 - [TEST_CASE][PASSED] - Test Cases/Boyris Team/Team Allow Only: Test Cases/Boyris Team/Team Allow Only

2019-12-20 13:54:50 - [TEST_STEP][PASSED] - click(findTestObject("Page Boyris Mattermost/span_Main menu")): Object: 'Object Repository/Page Boyris Mattermost/span_Main menu' is clicked on

2019-12-20 13:54:51 - [MESSAGE][PASSED] - Object: 'Object Repository/Page Boyris Mattermost/span_Main menu' is clicked on

2019-12-20 13:54:51 - [TEST_STEP][PASSED] - click(findTestObject("Page Boyris Mattermost/button_Team Settings")): Object: 'Object Repository/Page Boyris Mattermost/button_Team Settings' is clicked on

2019-12-20 13:54:52 - [MESSAGE][PASSED] - Object: 'Object Repository/Page Boyris Mattermost/button_Team Settings' is clicked on

2019-12-20 13:54:52 - [TEST_STEP][PASSED] - click(findTestObject("Page Boyris Mattermost/span_Edit Allow only")): Object: 'Object Repository/Page Boyris Mattermost/span_Edit Allow only' is clicked on

2019-12-20 13:54:53 - [MESSAGE][PASSED] - Object: 'Object Repository/Page Boyris Mattermost/span_Edit Allow only' is clicked on

2019-12-20 13:54:53 - [TEST_STEP][PASSED] - sendKeys(findTestObject(null), Keys.chord(ESCAPE)): Keys 'ESCAPE + ' sent to object: 'tempBody'

2019-12-20 13:54:53 - [MESSAGE][WARNING] - Test object id is null

2019-12-20 13:54:53 - [MESSAGE][WARNING] - Test object with id 'Object Repository/' does not exist

2019-12-20 13:54:53 - [MESSAGE][PASSED] - Keys 'ESCAPE + ' sent to object: 'tempBody']]></system-out>
         <system-err><![CDATA[]]></system-err>
      </testcase>
      <testcase name="Test Cases/Boyris Team/Team Description" time="4.153" classname="Test Cases/Boyris Team/Team Description" status="PASSED">
         <system-out><![CDATA[2019-12-20 13:54:53 - [TEST_CASE][PASSED] - Test Cases/Boyris Team/Team Description: Test Cases/Boyris Team/Team Description

2019-12-20 13:54:54 - [TEST_STEP][PASSED] - click(findTestObject("Page Boyris Mattermost/span_Main menu")): Object: 'Object Repository/Page Boyris Mattermost/span_Main menu' is clicked on

2019-12-20 13:54:54 - [MESSAGE][PASSED] - Object: 'Object Repository/Page Boyris Mattermost/span_Main menu' is clicked on

2019-12-20 13:54:54 - [TEST_STEP][PASSED] - click(findTestObject("Page Boyris Mattermost/button_Team Settings")): Object: 'Object Repository/Page Boyris Mattermost/button_Team Settings' is clicked on

2019-12-20 13:54:55 - [MESSAGE][PASSED] - Object: 'Object Repository/Page Boyris Mattermost/button_Team Settings' is clicked on

2019-12-20 13:54:55 - [TEST_STEP][PASSED] - click(findTestObject("Page Boyris Mattermost/span_Edit Description")): Object: 'Object Repository/Page Boyris Mattermost/span_Edit Description' is clicked on

2019-12-20 13:54:56 - [MESSAGE][PASSED] - Object: 'Object Repository/Page Boyris Mattermost/span_Edit Description' is clicked on

2019-12-20 13:54:56 - [TEST_STEP][PASSED] - setText(findTestObject("Page Boyris Mattermost/input_Team Description_teamDescription"), "We're From The Hood"): Text 'We're From The Hood' is set on object 'Object Repository/Page Boyris Mattermost/input_Team Description_teamDescription'

2019-12-20 13:54:57 - [MESSAGE][PASSED] - Text 'We're From The Hood' is set on object 'Object Repository/Page Boyris Mattermost/input_Team Description_teamDescription'

2019-12-20 13:54:57 - [TEST_STEP][PASSED] - sendKeys(findTestObject(null), Keys.chord(ESCAPE)): Keys 'ESCAPE + ' sent to object: 'tempBody'

2019-12-20 13:54:57 - [MESSAGE][WARNING] - Test object id is null

2019-12-20 13:54:57 - [MESSAGE][WARNING] - Test object with id 'Object Repository/' does not exist

2019-12-20 13:54:57 - [MESSAGE][PASSED] - Keys 'ESCAPE + ' sent to object: 'tempBody']]></system-out>
         <system-err><![CDATA[]]></system-err>
      </testcase>
      <testcase name="Test Cases/Boyris Team/Team Icon" time="3.376" classname="Test Cases/Boyris Team/Team Icon" status="PASSED">
         <system-out><![CDATA[2019-12-20 13:54:57 - [TEST_CASE][PASSED] - Test Cases/Boyris Team/Team Icon: Test Cases/Boyris Team/Team Icon

2019-12-20 13:54:58 - [TEST_STEP][PASSED] - click(findTestObject("Page Boyris Mattermost/span_Main menu")): Object: 'Object Repository/Page Boyris Mattermost/span_Main menu' is clicked on

2019-12-20 13:54:58 - [MESSAGE][PASSED] - Object: 'Object Repository/Page Boyris Mattermost/span_Main menu' is clicked on

2019-12-20 13:54:58 - [TEST_STEP][PASSED] - click(findTestObject("Page Boyris Mattermost/button_Team Settings")): Object: 'Object Repository/Page Boyris Mattermost/button_Team Settings' is clicked on

2019-12-20 13:54:59 - [MESSAGE][PASSED] - Object: 'Object Repository/Page Boyris Mattermost/button_Team Settings' is clicked on

2019-12-20 13:54:59 - [TEST_STEP][PASSED] - click(findTestObject("Page Boyris Mattermost/span_Edit Team Icon")): Object: 'Object Repository/Page Boyris Mattermost/span_Edit Team Icon' is clicked on

2019-12-20 13:55:00 - [MESSAGE][PASSED] - Object: 'Object Repository/Page Boyris Mattermost/span_Edit Team Icon' is clicked on

2019-12-20 13:55:00 - [TEST_STEP][PASSED] - sendKeys(findTestObject(null), Keys.chord(ESCAPE)): Keys 'ESCAPE + ' sent to object: 'tempBody'

2019-12-20 13:55:00 - [MESSAGE][WARNING] - Test object id is null

2019-12-20 13:55:00 - [MESSAGE][WARNING] - Test object with id 'Object Repository/' does not exist

2019-12-20 13:55:01 - [MESSAGE][PASSED] - Keys 'ESCAPE + ' sent to object: 'tempBody']]></system-out>
         <system-err><![CDATA[]]></system-err>
      </testcase>
      <testcase name="Test Cases/Boyris Team/Team Invite Code" time="3.395" classname="Test Cases/Boyris Team/Team Invite Code" status="PASSED">
         <system-out><![CDATA[2019-12-20 13:55:01 - [TEST_CASE][PASSED] - Test Cases/Boyris Team/Team Invite Code: Test Cases/Boyris Team/Team Invite Code

2019-12-20 13:55:01 - [TEST_STEP][PASSED] - click(findTestObject("Page Boyris Mattermost/span_Main menu")): Object: 'Object Repository/Page Boyris Mattermost/span_Main menu' is clicked on

2019-12-20 13:55:02 - [MESSAGE][PASSED] - Object: 'Object Repository/Page Boyris Mattermost/span_Main menu' is clicked on

2019-12-20 13:55:02 - [TEST_STEP][PASSED] - click(findTestObject("Page Boyris Mattermost/button_Team Settings")): Object: 'Object Repository/Page Boyris Mattermost/button_Team Settings' is clicked on

2019-12-20 13:55:03 - [MESSAGE][PASSED] - Object: 'Object Repository/Page Boyris Mattermost/button_Team Settings' is clicked on

2019-12-20 13:55:03 - [TEST_STEP][PASSED] - click(findTestObject("Page Boyris Mattermost/span_Edit Invite Code")): Object: 'Object Repository/Page Boyris Mattermost/span_Edit Invite Code' is clicked on

2019-12-20 13:55:04 - [MESSAGE][PASSED] - Object: 'Object Repository/Page Boyris Mattermost/span_Edit Invite Code' is clicked on

2019-12-20 13:55:04 - [TEST_STEP][PASSED] - sendKeys(findTestObject(null), Keys.chord(ESCAPE)): Keys 'ESCAPE + ' sent to object: 'tempBody'

2019-12-20 13:55:04 - [MESSAGE][WARNING] - Test object id is null

2019-12-20 13:55:04 - [MESSAGE][WARNING] - Test object with id 'Object Repository/' does not exist

2019-12-20 13:55:04 - [MESSAGE][PASSED] - Keys 'ESCAPE + ' sent to object: 'tempBody']]></system-out>
         <system-err><![CDATA[]]></system-err>
      </testcase>
      <testcase name="Test Cases/Boyris Team/Team Name" time="3.955" classname="Test Cases/Boyris Team/Team Name" status="PASSED">
         <system-out><![CDATA[2019-12-20 13:55:04 - [TEST_CASE][PASSED] - Test Cases/Boyris Team/Team Name: Test Cases/Boyris Team/Team Name

2019-12-20 13:55:05 - [TEST_STEP][PASSED] - click(findTestObject("Page Boyris Mattermost/span_Main menu")): Object: 'Object Repository/Page Boyris Mattermost/span_Main menu' is clicked on

2019-12-20 13:55:05 - [MESSAGE][PASSED] - Object: 'Object Repository/Page Boyris Mattermost/span_Main menu' is clicked on

2019-12-20 13:55:05 - [TEST_STEP][PASSED] - click(findTestObject("Page Boyris Mattermost/button_Team Settings")): Object: 'Object Repository/Page Boyris Mattermost/button_Team Settings' is clicked on

2019-12-20 13:55:06 - [MESSAGE][PASSED] - Object: 'Object Repository/Page Boyris Mattermost/button_Team Settings' is clicked on

2019-12-20 13:55:06 - [TEST_STEP][PASSED] - click(findTestObject("Page Boyris Mattermost/span_Edit Team Name")): Object: 'Object Repository/Page Boyris Mattermost/span_Edit Team Name' is clicked on

2019-12-20 13:55:07 - [MESSAGE][PASSED] - Object: 'Object Repository/Page Boyris Mattermost/span_Edit Team Name' is clicked on

2019-12-20 13:55:07 - [TEST_STEP][PASSED] - setText(findTestObject("Page Boyris Mattermost/input_Team Name_teamName"), "Boyris"): Text 'Boyris' is set on object 'Object Repository/Page Boyris Mattermost/input_Team Name_teamName'

2019-12-20 13:55:08 - [MESSAGE][PASSED] - Text 'Boyris' is set on object 'Object Repository/Page Boyris Mattermost/input_Team Name_teamName'

2019-12-20 13:55:08 - [TEST_STEP][PASSED] - sendKeys(findTestObject(null), Keys.chord(ESCAPE)): Keys 'ESCAPE + ' sent to object: 'tempBody'

2019-12-20 13:55:08 - [MESSAGE][WARNING] - Test object id is null

2019-12-20 13:55:08 - [MESSAGE][WARNING] - Test object with id 'Object Repository/' does not exist

2019-12-20 13:55:08 - [MESSAGE][PASSED] - Keys 'ESCAPE + ' sent to object: 'tempBody']]></system-out>
         <system-err><![CDATA[]]></system-err>
      </testcase>
      <testcase name="Test Cases/Boyris Team/Team Settings" time="2.807" classname="Test Cases/Boyris Team/Team Settings" status="PASSED">
         <system-out><![CDATA[2019-12-20 13:55:08 - [TEST_CASE][PASSED] - Test Cases/Boyris Team/Team Settings: Test Cases/Boyris Team/Team Settings

2019-12-20 13:55:09 - [TEST_STEP][PASSED] - click(findTestObject("Page Boyris Mattermost/span_Main menu")): Object: 'Object Repository/Page Boyris Mattermost/span_Main menu' is clicked on

2019-12-20 13:55:09 - [MESSAGE][PASSED] - Object: 'Object Repository/Page Boyris Mattermost/span_Main menu' is clicked on

2019-12-20 13:55:09 - [TEST_STEP][PASSED] - click(findTestObject("Page Boyris Mattermost/button_Team Settings")): Object: 'Object Repository/Page Boyris Mattermost/button_Team Settings' is clicked on

2019-12-20 13:55:10 - [MESSAGE][PASSED] - Object: 'Object Repository/Page Boyris Mattermost/button_Team Settings' is clicked on

2019-12-20 13:55:10 - [TEST_STEP][PASSED] - sendKeys(findTestObject(null), Keys.chord(ESCAPE)): Keys 'ESCAPE + ' sent to object: 'tempBody'

2019-12-20 13:55:10 - [MESSAGE][WARNING] - Test object id is null

2019-12-20 13:55:10 - [MESSAGE][WARNING] - Test object with id 'Object Repository/' does not exist

2019-12-20 13:55:11 - [MESSAGE][PASSED] - Keys 'ESCAPE + ' sent to object: 'tempBody']]></system-out>
         <system-err><![CDATA[]]></system-err>
      </testcase>
      <system-out><![CDATA[2019-12-20 13:51:12 - [TEST_SUITE][PASSED] - Test All Cases: Test Cases/Boyris Team/Team Settings]]></system-out>
      <system-err><![CDATA[]]></system-err>
   </testsuite>
</testsuites>
